2026-01-24 14:31:26,906 - shanlian_ai - INFO - 闪练AI启动，进入交互式菜单模式
2026-01-24 14:34:17,444 - shanlian_ai - INFO - 用户选择退出程序
2026-01-24 14:41:29,148 - shanlian_ai - INFO - 闪练AI启动，进入交互式菜单模式
2026-01-24 14:41:31,797 - shanlian_ai - INFO - 用户中断程序运行
2026-01-24 14:41:48,810 - shanlian_ai - INFO - 闪练AI启动，进入交互式菜单模式
2026-01-24 14:43:29,611 - shanlian_ai - INFO - 用户选择退出程序
2026-01-24 14:55:27,256 - shanlian_ai - INFO - 闪练AI启动，进入交互式菜单模式
2026-01-24 14:55:32,020 - shanlian_ai - INFO - 用户中断程序运行
2026-01-24 14:55:48,969 - shanlian_ai - INFO - 闪练AI启动，进入交互式菜单模式
2026-01-24 14:58:11,153 - shanlian_ai - ERROR - 程序运行出错：Docker服务不可用：Error while fetching server API version: (2, 'CreateFile', '系统找不到指定的文件。')
Traceback (most recent call last):
  File "D:\python\pythonproject\Flash-training\.venv\Lib\site-packages\docker\api\client.py", line 223, in _retrieve_server_version
    return self.version(api_version=False)["ApiVersion"]
           ^^^^^^^^^^^^^^^^^^^^^^^^^^^^^^^
  File "D:\python\pythonproject\Flash-training\.venv\Lib\site-packages\docker\api\daemon.py", line 181, in version
    return self._result(self._get(url), json=True)
                        ^^^^^^^^^^^^^^
  File "D:\python\pythonproject\Flash-training\.venv\Lib\site-packages\docker\utils\decorators.py", line 44, in inner
    return f(self, *args, **kwargs)
           ^^^^^^^^^^^^^^^^^^^^^^^^
  File "D:\python\pythonproject\Flash-training\.venv\Lib\site-packages\docker\api\client.py", line 246, in _get
    return self.get(url, **self._set_request_timeout(kwargs))
           ^^^^^^^^^^^^^^^^^^^^^^^^^^^^^^^^^^^^^^^^^^^^^^^^^^
  File "D:\python\pythonproject\Flash-training\.venv\Lib\site-packages\requests\sessions.py", line 602, in get
    return self.request("GET", url, **kwargs)
           ^^^^^^^^^^^^^^^^^^^^^^^^^^^^^^^^^^
  File "D:\python\pythonproject\Flash-training\.venv\Lib\site-packages\requests\sessions.py", line 589, in request
    resp = self.send(prep, **send_kwargs)
           ^^^^^^^^^^^^^^^^^^^^^^^^^^^^^^
  File "D:\python\pythonproject\Flash-training\.venv\Lib\site-packages\requests\sessions.py", line 703, in send
    r = adapter.send(request, **kwargs)
        ^^^^^^^^^^^^^^^^^^^^^^^^^^^^^^^
  File "D:\python\pythonproject\Flash-training\.venv\Lib\site-packages\requests\adapters.py", line 644, in send
    resp = conn.urlopen(
           ^^^^^^^^^^^^^
  File "D:\python\pythonproject\Flash-training\.venv\Lib\site-packages\urllib3\connectionpool.py", line 787, in urlopen
    response = self._make_request(
               ^^^^^^^^^^^^^^^^^^^
  File "D:\python\pythonproject\Flash-training\.venv\Lib\site-packages\urllib3\connectionpool.py", line 493, in _make_request
    conn.request(
  File "D:\python\pythonproject\Flash-training\.venv\Lib\site-packages\urllib3\connection.py", line 500, in request
    self.endheaders()
  File "D:\python\Lib\http\client.py", line 1298, in endheaders
    self._send_output(message_body, encode_chunked=encode_chunked)
  File "D:\python\Lib\http\client.py", line 1058, in _send_output
    self.send(msg)
  File "D:\python\Lib\http\client.py", line 996, in send
    self.connect()
  File "D:\python\pythonproject\Flash-training\.venv\Lib\site-packages\docker\transport\npipeconn.py", line 25, in connect
    sock.connect(self.npipe_path)
  File "D:\python\pythonproject\Flash-training\.venv\Lib\site-packages\docker\transport\npipesocket.py", line 25, in wrapped
    return f(self, *args, **kwargs)
           ^^^^^^^^^^^^^^^^^^^^^^^^
  File "D:\python\pythonproject\Flash-training\.venv\Lib\site-packages\docker\transport\npipesocket.py", line 76, in connect
    raise e
  File "D:\python\pythonproject\Flash-training\.venv\Lib\site-packages\docker\transport\npipesocket.py", line 54, in connect
    handle = win32file.CreateFile(
             ^^^^^^^^^^^^^^^^^^^^^
pywintypes.error: (2, 'CreateFile', '系统找不到指定的文件。')

The above exception was the direct cause of the following exception:

Traceback (most recent call last):
  File "D:\python\pythonproject\Flash-training\utils\docker_utils.py", line 13, in get_docker_client
    _docker_client = docker.from_env()
                     ^^^^^^^^^^^^^^^^^
  File "D:\python\pythonproject\Flash-training\.venv\Lib\site-packages\docker\client.py", line 94, in from_env
    return cls(
           ^^^^
  File "D:\python\pythonproject\Flash-training\.venv\Lib\site-packages\docker\client.py", line 45, in __init__
    self.api = APIClient(*args, **kwargs)
               ^^^^^^^^^^^^^^^^^^^^^^^^^^
  File "D:\python\pythonproject\Flash-training\.venv\Lib\site-packages\docker\api\client.py", line 207, in __init__
    self._version = self._retrieve_server_version()
                    ^^^^^^^^^^^^^^^^^^^^^^^^^^^^^^^
  File "D:\python\pythonproject\Flash-training\.venv\Lib\site-packages\docker\api\client.py", line 230, in _retrieve_server_version
    raise DockerException(
docker.errors.DockerException: Error while fetching server API version: (2, 'CreateFile', '系统找不到指定的文件。')

During handling of the above exception, another exception occurred:

Traceback (most recent call last):
  File "D:\python\pythonproject\Flash-training\main.py", line 330, in <module>
    main()
  File "D:\python\pythonproject\Flash-training\main.py", line 310, in main
    run_code_module()
  File "D:\python\pythonproject\Flash-training\main.py", line 161, in run_code_module
    basic_feedback = generate_code_feedback(user_code, expected_output)
                     ^^^^^^^^^^^^^^^^^^^^^^^^^^^^^^^^^^^^^^^^^^^^^^^^^^
  File "D:\python\pythonproject\Flash-training\core\code\feedback_generator.py", line 14, in generate_code_feedback
    is_success, exec_result = execute_python_code(code)
                              ^^^^^^^^^^^^^^^^^^^^^^^^^
  File "D:\python\pythonproject\Flash-training\core\code\code_executor.py", line 13, in execute_python_code
    client = get_docker_client()
             ^^^^^^^^^^^^^^^^^^^
  File "D:\python\pythonproject\Flash-training\utils\docker_utils.py", line 17, in get_docker_client
    raise RuntimeError(f"Docker服务不可用：{str(e)}")
RuntimeError: Docker服务不可用：Error while fetching server API version: (2, 'CreateFile', '系统找不到指定的文件。')
2026-01-24 15:04:38,609 - shanlian_ai - INFO - 闪练AI启动，进入交互式菜单模式
2026-01-24 15:05:27,017 - shanlian_ai - INFO - 用户选择退出程序
2026-01-30 14:27:26,599 - shanlian_ai - INFO - 闪练AI启动，进入交互式菜单模式
2026-01-30 14:29:49,184 - shanlian_ai - INFO - 用户中断程序运行
2026-01-30 16:12:55,290 - shanlian_ai - INFO - 闪练AI启动，进入交互式菜单模式
2026-02-01 15:49:47,852 - shanlian_ai - INFO - 闪练AI启动，进入交互式菜单模式
2026-02-01 15:52:58,047 - shanlian_ai - INFO - 闪练AI启动，进入交互式菜单模式
2026-02-01 15:53:25,279 - shanlian_ai - INFO - 用户中断程序运行
2026-02-01 16:10:54,806 - shanlian_ai - INFO - 闪练AI启动，进入交互式菜单模式
2026-02-01 17:08:03,031 - shanlian_ai - INFO - 用户中断程序运行
2026-02-01 21:15:23,632 - shanlian_ai - ERROR - 演讲内容专家评价失败：invalid literal for int() with base 10: '8分'
2026-02-01 21:15:40,220 - shanlian_ai - ERROR - 表达流畅度专家评价失败：invalid literal for int() with base 10: '8分'
2026-02-01 21:15:48,116 - shanlian_ai - ERROR - 结构逻辑专家评价失败：invalid literal for int() with base 10: '8分'
2026-02-01 22:08:44,107 - shanlian_ai - ERROR - 代码评价失败：not enough values to unpack (expected 4, got 2)
2026-02-01 22:11:21,685 - shanlian_ai - ERROR - 代码评价失败：not enough values to unpack (expected 4, got 3)
2026-02-01 22:12:53,227 - shanlian_ai - ERROR - 代码评价失败：not enough values to unpack (expected 4, got 3)
2026-02-01 22:22:30,184 - shanlian_ai - ERROR - 代码评价失败：not enough values to unpack (expected 4, got 2)
2026-02-01 22:29:59,554 - shanlian_ai - ERROR - 代码评价失败：AI返回格式错误，期望4个部分，实际得到3个部分
2026-02-01 22:31:49,342 - shanlian_ai - ERROR - 代码评价失败：AI返回格式错误，期望4个部分，实际得到2个部分
2026-02-01 22:34:40,410 - shanlian_ai - ERROR - 代码评价失败：AI返回格式错误，期望4个部分，实际得到2个部分
2026-02-01 22:38:21,540 - shanlian_ai - INFO - AI返回的原始响应: 8|代码逻辑清晰连贯，完整实现了通讯录的添加、修改、遍历及数量统计功能，语法规范无错误，运行结果符合
2026-02-01 22:38:21,542 - shanlian_ai - ERROR - AI返回格式错误，期望4个部分，实际得到2个部分，分割后的部分: ['8', '代码逻辑清晰连贯，完整实现了通讯录的添加、修改、遍历及数量统计功能，语法规范无错误，运行结果符合']
2026-02-01 22:38:21,542 - shanlian_ai - ERROR - 代码评价失败：AI返回格式错误，期望4个部分，实际得到2个部分
2026-02-01 22:41:17,781 - shanlian_ai - INFO - AI返回的原始响应: 8|代码逻辑清晰连贯，完整实现了通讯录的添加、修改、遍历及统计功能，运行结果符合预期。代码无语法错误
2026-02-01 22:41:17,782 - shanlian_ai - ERROR - AI返回格式错误，期望4个部分，实际得到2个部分，分割后的部分: ['8', '代码逻辑清晰连贯，完整实现了通讯录的添加、修改、遍历及统计功能，运行结果符合预期。代码无语法错误']
2026-02-01 22:43:42,037 - shanlian_ai - INFO - AI返回的原始响应: 8|代码逻辑清晰连贯，完整实现了通讯录的添加、修改、遍历展示及数量统计功能，语法规范无错误，运行结果
2026-02-01 22:43:42,038 - shanlian_ai - ERROR - AI返回格式错误，期望4个部分，实际得到2个部分，分割后的部分: ['8', '代码逻辑清晰连贯，完整实现了通讯录的添加、修改、遍历展示及数量统计功能，语法规范无错误，运行结果']
2026-02-01 22:56:16,386 - shanlian_ai - INFO - AI返回的原始响应: 8|代码逻辑清晰连贯，完整实现了通讯录的添加、修改、遍历展示及数量统计功能，基础语法正确，运行结果完
2026-02-01 22:56:16,387 - shanlian_ai - ERROR - AI返回格式错误，期望4个部分，实际得到2个部分，分割后的部分: ['8', '代码逻辑清晰连贯，完整实现了通讯录的添加、修改、遍历展示及数量统计功能，基础语法正确，运行结果完']
2026-02-01 22:59:28,839 - shanlian_ai - INFO - AI返回的原始响应: 8分|代码逻辑连贯清晰，完整实现了通讯录的添加、修改、遍历及统计功能，语法合规无错误，运行结果符合预期|采用字符串存储联系人信息，无法单独便捷操作姓名或手机号，建议改用字典存储单条联系人数据；通过函数封装功能模块，可提升代码的复用性与可维护性|# 初始化空通讯录列表
2026-02-01 22:59:28,840 - shanlian_ai - ERROR - 代码评价失败：could not convert string to float: '8分'
2026-02-01 23:05:14,801 - shanlian_ai - INFO - AI返回的原始响应: 8|代码逻辑清晰连贯，完整实现了通讯录的增改查及统计功能，运行结果准确|使用字符串存储联系人信息不利于单独提取或修改姓名/手机号字段，原代码语句排版紧凑可拆分以提升可读性|# 通讯录管理程序
2026-02-01 23:07:31,462 - shanlian_ai - INFO - AI返回的原始响应: 8|代码逻辑清晰完整，准确实现了通讯录的增改、遍历展示及数量统计功能，语法规范无错误，运行结果符合预期|使用字符串存储联系人信息不利于单独操作姓名或手机号，建议改用字典存储单条联系人数据；可优化输出格式，提升展示的规整性|# 1. 创建空通讯录列表
2026-02-01 23:09:53,229 - shanlian_ai - INFO - AI返回的原始响应: 8|代码逻辑连贯，完整实现了通讯录的添加、修改、遍历及统计功能，运行结果准确。代码结构简洁，基础操作演示明确，适合入门学习。|采用字符串存储联系人信息，无法单独便捷操作姓名或电话字段，建议改用字典存储；部分注释格式可优化，提升代码的可读性和维护性。|# 通讯录管理示例
2026-02-01 23:13:26,552 - shanlian_ai - INFO - AI返回的原始响应: 8|代码逻辑清晰连贯，完整实现了购物清单的增删改查及遍历展示功能，注释规范易懂，使用enumerate遍历提升了输出可读性。|修改物品时依赖固定索引，若列表元素顺序或内容变更易引发错误，应动态获取目标元素的索引；重复的清单打印逻辑可封装为函数，减少代码冗余。|def print_shopping_list(title, lst):
2026-03-09 20:07:47,722 - shanlian_ai - ERROR - 自定义技能创建失败: UniversalAIEvaluator.generate_content() missing 1 required positional argument: 'prompt_template'
2026-03-09 20:13:29,252 - shanlian_ai - ERROR - 自定义技能创建失败: core.ai.universal_ai_evaluator.UniversalAIEvaluator.generate_content() got multiple values for keyword argument 'skill_name'
2026-03-09 20:15:48,519 - shanlian_ai - ERROR - 参数生成内容生成出错: '\n  "scene"'
2026-03-09 20:15:48,523 - shanlian_ai - ERROR - 自定义技能创建失败: expected string or bytes-like object, got 'NoneType'
2026-03-09 20:17:31,335 - shanlian_ai - ERROR - 参数生成内容生成出错: '\n  "scene"'
2026-03-09 20:17:31,348 - shanlian_ai - INFO - 新增自定义技能成功：沟通交流
2026-03-09 20:17:31,348 - shanlian_ai - INFO - 自定义技能创建成功: 沟通交流
2026-03-09 20:53:42,795 - shanlian_ai - ERROR - 沟通交流技能练习内容生成出错: 'target_skill_name'
2026-03-09 20:53:42,808 - shanlian_ai - ERROR - 生成练习题目失败：技能ID skill_沟通交流
2026-03-10 14:28:40,564 - shanlian_ai - ERROR - 沟通交流技能练习评估出错: cannot access local variable 'default_criteria' where it is not associated with a value
2026-03-10 14:47:42,155 - shanlian_ai - ERROR - 沟通交流技能练习评估出错: 'target_skill_name'
2026-03-10 15:19:19,237 - shanlian_ai - ERROR - 沟通交流技能练习评估出错: 'target_skill_name'
2026-03-10 19:44:14,963 - shanlian_ai - ERROR - 参数生成内容生成出错: '\n  "scene"'
2026-03-10 19:44:14,998 - shanlian_ai - INFO - 新增自定义技能成功：123456
2026-03-10 19:44:14,998 - shanlian_ai - INFO - 自定义技能创建成功: 123456
2026-03-10 19:49:28,609 - shanlian_ai - ERROR - 参数生成内容生成出错: '\n  "scene"'
2026-03-10 19:49:28,614 - shanlian_ai - INFO - 新增自定义技能成功：12306
2026-03-10 19:49:28,615 - shanlian_ai - INFO - 自定义技能创建成功: 12306
2026-03-17 20:30:02,333 - shanlian_ai - ERROR - 12306技能练习内容生成出错: '\n                    "title"'
2026-03-17 20:30:02,335 - shanlian_ai - ERROR - 使用自定义prompt生成内容失败：the JSON object must be str, bytes or bytearray, not NoneType
2026-03-17 20:33:56,997 - shanlian_ai - ERROR - 12306技能练习内容生成出错: '\n                    "title"'
2026-03-17 20:33:56,998 - shanlian_ai - ERROR - 使用自定义prompt生成内容失败：the JSON object must be str, bytes or bytearray, not NoneType
2026-03-17 20:56:04,190 - shanlian_ai - ERROR - 12306技能练习内容生成出错: '\n                    "title"'
2026-03-17 20:56:04,191 - shanlian_ai - ERROR - 使用自定义prompt生成内容失败：the JSON object must be str, bytes or bytearray, not NoneType
2026-03-17 21:20:19,692 - shanlian_ai - ERROR - 12306技能练习内容生成出错: '\n                    "title"'
2026-03-17 21:20:19,694 - shanlian_ai - WARNING - 自定义prompt生成的内容为空
2026-03-17 21:20:32,754 - shanlian_ai - ERROR - 编程技能练习内容生成出错: '\n                    "title"'
2026-03-17 21:20:32,755 - shanlian_ai - WARNING - 自定义prompt生成的内容为空
2026-03-17 21:20:53,244 - shanlian_ai - ERROR - 12306技能练习内容生成出错: '\n                    "title"'
2026-03-17 21:20:53,245 - shanlian_ai - WARNING - 自定义prompt生成的内容为空
2026-03-17 21:23:04,299 - shanlian_ai - ERROR - 12306技能练习内容生成出错: '\n                    "title"'
2026-03-17 21:23:04,301 - shanlian_ai - WARNING - 自定义prompt生成的内容为空
2026-03-17 21:44:01,654 - shanlian_ai - ERROR - 技能不存在：speech_001
2026-03-17 21:46:29,688 - shanlian_ai - ERROR - 技能不存在：speech_001
2026-03-17 21:50:00,237 - shanlian_ai - ERROR - 技能不存在：speech_001
2026-03-17 22:12:43,626 - shanlian_ai - INFO - AI评估接收 - 技能名称: 演讲技能练习
2026-03-17 22:12:43,627 - shanlian_ai - INFO - AI评估接收 - 待评估内容: ???,??????????????
2026-03-17 22:12:43,627 - shanlian_ai - INFO - AI评估接收 - 参考信息: ?????
2026-03-17 22:12:43,627 - shanlian_ai - INFO - AI评估接收 - 提示词: 你是演讲专家，评估以下演讲稿：

演讲稿：???,??????????????

请按以下原子技能维度进行评估：
1. 内容准确性（as_001）：内容是否准确无误，符合事实和逻辑
2. 结构完整性（as_002）：内容结构是否完整，有清晰的开头、中间和结尾
3. 表达清晰度（as_003）：表达是否清晰易懂，逻辑是否连贯

输出格式：总分(1-10分)|原子技能得分详情(as_001:8分,as_002:7分,as_003:9分)|优点|改进建议。
2026-03-17 22:12:48,529 - shanlian_ai - INFO - AI评估返回 - 原始响应: 0分|原子技能得分详情(as_001:0分,as_002:0分,as_003:0分)|无|当前提供的演讲稿内容为乱码，无法识别有效信息，请提供清晰、完整的演讲稿文本，以便我为你进行专业的演讲技能评估。
2026-03-17 22:14:52,316 - shanlian_ai - INFO - 技能库管理器 - 技能ID: skill_speech
2026-03-17 22:14:52,317 - shanlian_ai - INFO - 技能库管理器 - 技能名称: 演讲技能练习
2026-03-17 22:14:52,317 - shanlian_ai - INFO - 技能库管理器 - 待评估内容: ???,??????????????
2026-03-17 22:14:52,317 - shanlian_ai - INFO - 技能库管理器 - 参考信息: ?????
2026-03-17 22:14:52,318 - shanlian_ai - INFO - 技能库管理器 - 提示词模板: 你是演讲专家，评估以下演讲稿：

演讲稿：{content}

请按以下原子技能维度进行评估：
1. 内容准确性（as_001）：内容是否准确无误，符合事实和逻辑
2. 结构完整性（as_002）：内容结构是否完整，有清晰的开头、中间和结尾
3. 表达清晰度（as_003）：表达是否清晰易懂，逻辑是否连贯

输出格式：总分(1-10分)|原子技能得分详情(as_001:8分,as_002:7分,as_003:9分)|优点|改进建议。
2026-03-17 22:14:52,318 - shanlian_ai - INFO - AI评估接收 - 技能名称: 演讲技能练习
2026-03-17 22:14:52,318 - shanlian_ai - INFO - AI评估接收 - 待评估内容: ???,??????????????
2026-03-17 22:14:52,319 - shanlian_ai - INFO - AI评估接收 - 参考信息: ?????
2026-03-17 22:14:52,319 - shanlian_ai - INFO - AI评估接收 - 提示词: 你是演讲专家，评估以下演讲稿：

演讲稿：???,??????????????

请按以下原子技能维度进行评估：
1. 内容准确性（as_001）：内容是否准确无误，符合事实和逻辑
2. 结构完整性（as_002）：内容结构是否完整，有清晰的开头、中间和结尾
3. 表达清晰度（as_003）：表达是否清晰易懂，逻辑是否连贯

输出格式：总分(1-10分)|原子技能得分详情(as_001:8分,as_002:7分,as_003:9分)|优点|改进建议。
2026-03-17 22:15:01,761 - shanlian_ai - INFO - AI评估返回 - 原始响应: 无法评估|原子技能得分详情(as_001:无法评估,as_002:无法评估,as_003:无法评估)|优点:无|改进建议:请提供清晰、可识别的完整演讲稿内容，以便我从内容准确性、结构完整性、表达清晰度等维度为你进行专业评估。
2026-03-17 22:16:06,468 - shanlian_ai - INFO - API接收 - 技能ID: skill_speech
2026-03-17 22:16:06,469 - shanlian_ai - INFO - API接收 - 待评估内容: ???,??????????????
2026-03-17 22:16:06,469 - shanlian_ai - INFO - API接收 - 参考信息: ?????
2026-03-17 22:16:06,469 - shanlian_ai - INFO - API接收 - 参数: {}
2026-03-17 22:16:06,470 - shanlian_ai - INFO - 技能库管理器 - 技能ID: skill_speech
2026-03-17 22:16:06,470 - shanlian_ai - INFO - 技能库管理器 - 技能名称: 演讲技能练习
2026-03-17 22:16:06,471 - shanlian_ai - INFO - 技能库管理器 - 待评估内容: ???,??????????????
2026-03-17 22:16:06,471 - shanlian_ai - INFO - 技能库管理器 - 参考信息: ?????
2026-03-17 22:16:06,471 - shanlian_ai - INFO - 技能库管理器 - 提示词模板: 你是演讲专家，评估以下演讲稿：

演讲稿：{content}

请按以下原子技能维度进行评估：
1. 内容准确性（as_001）：内容是否准确无误，符合事实和逻辑
2. 结构完整性（as_002）：内容结构是否完整，有清晰的开头、中间和结尾
3. 表达清晰度（as_003）：表达是否清晰易懂，逻辑是否连贯

输出格式：总分(1-10分)|原子技能得分详情(as_001:8分,as_002:7分,as_003:9分)|优点|改进建议。
2026-03-17 22:16:06,471 - shanlian_ai - INFO - AI评估接收 - 技能名称: 演讲技能练习
2026-03-17 22:16:06,471 - shanlian_ai - INFO - AI评估接收 - 待评估内容: ???,??????????????
2026-03-17 22:16:06,472 - shanlian_ai - INFO - AI评估接收 - 参考信息: ?????
2026-03-17 22:16:06,472 - shanlian_ai - INFO - AI评估接收 - 提示词: 你是演讲专家，评估以下演讲稿：

演讲稿：???,??????????????

请按以下原子技能维度进行评估：
1. 内容准确性（as_001）：内容是否准确无误，符合事实和逻辑
2. 结构完整性（as_002）：内容结构是否完整，有清晰的开头、中间和结尾
3. 表达清晰度（as_003）：表达是否清晰易懂，逻辑是否连贯

输出格式：总分(1-10分)|原子技能得分详情(as_001:8分,as_002:7分,as_003:9分)|优点|改进建议。
2026-03-17 22:16:14,373 - shanlian_ai - INFO - AI评估返回 - 原始响应: 0分|原子技能得分详情(as_001:0分,as_002:0分,as_003:0分)|优点：无有效可评估内容，暂未体现优点|改进建议：请提供清晰、完整且有实质内容的演讲稿文本，以便从内容准确性、结构完整性、表达清晰度维度进行专业评估。
2026-03-17 22:17:25,721 - shanlian_ai - INFO - API接收 - 技能ID: skill_speech
2026-03-17 22:17:25,722 - shanlian_ai - INFO - API接收 - 待评估内容: ???,??????????????
2026-03-17 22:17:25,722 - shanlian_ai - INFO - API接收 - 参考信息: ?????
2026-03-17 22:17:25,722 - shanlian_ai - INFO - API接收 - 参数: {}
2026-03-17 22:17:25,723 - shanlian_ai - INFO - 技能库管理器 - 技能ID: skill_speech
2026-03-17 22:17:25,723 - shanlian_ai - INFO - 技能库管理器 - 技能名称: 演讲技能练习
2026-03-17 22:17:25,724 - shanlian_ai - INFO - 技能库管理器 - 待评估内容: ???,??????????????
2026-03-17 22:17:25,724 - shanlian_ai - INFO - 技能库管理器 - 参考信息: ?????
2026-03-17 22:17:25,724 - shanlian_ai - INFO - 技能库管理器 - 提示词模板: 你是演讲专家，评估以下演讲稿：

演讲稿：{content}

请按以下原子技能维度进行评估：
1. 内容准确性（as_001）：内容是否准确无误，符合事实和逻辑
2. 结构完整性（as_002）：内容结构是否完整，有清晰的开头、中间和结尾
3. 表达清晰度（as_003）：表达是否清晰易懂，逻辑是否连贯

输出格式：总分(1-10分)|原子技能得分详情(as_001:8分,as_002:7分,as_003:9分)|优点|改进建议。
2026-03-17 22:17:25,725 - shanlian_ai - INFO - AI评估接收 - 技能名称: 演讲技能练习
2026-03-17 22:17:25,725 - shanlian_ai - INFO - AI评估接收 - 待评估内容: ???,??????????????
2026-03-17 22:17:25,725 - shanlian_ai - INFO - AI评估接收 - 参考信息: ?????
2026-03-17 22:17:25,725 - shanlian_ai - INFO - AI评估接收 - 提示词: 你是演讲专家，评估以下演讲稿：

演讲稿：???,??????????????

请按以下原子技能维度进行评估：
1. 内容准确性（as_001）：内容是否准确无误，符合事实和逻辑
2. 结构完整性（as_002）：内容结构是否完整，有清晰的开头、中间和结尾
3. 表达清晰度（as_003）：表达是否清晰易懂，逻辑是否连贯

输出格式：总分(1-10分)|原子技能得分详情(as_001:8分,as_002:7分,as_003:9分)|优点|改进建议。
2026-03-17 22:17:35,066 - shanlian_ai - INFO - AI评估返回 - 原始响应: 总分(0分)|原子技能得分详情(as_001:0分,as_002:0分,as_003:0分)|优点：无（因演讲稿内容无法识别，无法提炼优点）|改进建议：请提供完整、清晰且具备实际表述内容的演讲稿，我才能从内容准确性、结构完整性、表达清晰度三个维度为你开展专业的演讲评估。
2026-03-17 22:18:49,190 - shanlian_ai - INFO - API接收 - 技能ID: skill_speech
2026-03-17 22:18:49,191 - shanlian_ai - INFO - API接收 - 待评估内容: ???,??????????????
2026-03-17 22:18:49,191 - shanlian_ai - INFO - API接收 - 参考信息: ?????
2026-03-17 22:18:49,191 - shanlian_ai - INFO - API接收 - 参数: {}
2026-03-17 22:18:49,193 - shanlian_ai - INFO - 技能库管理器 - 技能ID: skill_speech
2026-03-17 22:18:49,193 - shanlian_ai - INFO - 技能库管理器 - 技能名称: 演讲技能练习
2026-03-17 22:18:49,193 - shanlian_ai - INFO - 技能库管理器 - 待评估内容: ???,??????????????
2026-03-17 22:18:49,193 - shanlian_ai - INFO - 技能库管理器 - 参考信息: ?????
2026-03-17 22:18:49,193 - shanlian_ai - INFO - 技能库管理器 - 提示词模板: 你是演讲专家，评估以下演讲稿：

演讲稿：{content}

请按以下原子技能维度进行评估：
1. 内容准确性（as_001）：内容是否准确无误，符合事实和逻辑
2. 结构完整性（as_002）：内容结构是否完整，有清晰的开头、中间和结尾
3. 表达清晰度（as_003）：表达是否清晰易懂，逻辑是否连贯

输出格式：总分(1-10分)|原子技能得分详情(as_001:8分,as_002:7分,as_003:9分)|优点|改进建议。
2026-03-17 22:18:49,194 - shanlian_ai - INFO - AI评估接收 - 技能名称: 演讲技能练习
2026-03-17 22:18:49,194 - shanlian_ai - INFO - AI评估接收 - 待评估内容: ???,??????????????
2026-03-17 22:18:49,194 - shanlian_ai - INFO - AI评估接收 - 参考信息: ?????
2026-03-17 22:18:49,195 - shanlian_ai - INFO - AI评估接收 - 提示词: 你是演讲专家，评估以下演讲稿：

演讲稿：???,??????????????

请按以下原子技能维度进行评估：
1. 内容准确性（as_001）：内容是否准确无误，符合事实和逻辑
2. 结构完整性（as_002）：内容结构是否完整，有清晰的开头、中间和结尾
3. 表达清晰度（as_003）：表达是否清晰易懂，逻辑是否连贯

输出格式：总分(1-10分)|原子技能得分详情(as_001:8分,as_002:7分,as_003:9分)|优点|改进建议。
2026-03-17 22:18:56,813 - shanlian_ai - INFO - AI评估返回 - 原始响应: 0分|原子技能得分详情(as_001:0分,as_002:0分,as_003:0分)|无有效演讲内容，无法识别优点|请提供清晰、完整且具备实际表达内容的演讲稿，以便从内容准确性、结构完整性和表达清晰度维度开展专业评估。
2026-03-17 22:20:52,910 - shanlian_ai - INFO - API接收 - 技能ID: skill_12306
2026-03-17 22:20:52,910 - shanlian_ai - INFO - API接收 - 待评估内容: 1. 打开12306APP，登录账号后在首页搜索“北京南-上海虹桥”，选择发车日期为1月26日（春运高峰日）；2. 找到G101次列车，点击“候补购票”按钮；3. 选择“二等座”作为候补席位，点击“添加乘客”选择1位已完成核验的同行人；4. 点击“兑现截止时间”，设置为1月26日10:00（G101发车时间为12:00，提前2小时）；5. 勾选“优先兑现所选车次席别”，点击“添加备选车次”，选择同方向的G103、G105次列车作为候补备选；6. 确认订单信息无误后，提交订单并完成支付；7. 进入“我的-我的订单-候补订单”，查看候补订单的状态为“待兑现”，操作完成。
2026-03-17 22:20:52,910 - shanlian_ai - INFO - API接收 - 参考信息: 春运热门线路候补购票全流程操作练习
2026-03-17 22:20:52,911 - shanlian_ai - INFO - API接收 - 参数: {}
2026-03-17 22:20:52,912 - shanlian_ai - INFO - 技能库管理器 - 技能ID: skill_12306
2026-03-17 22:20:52,912 - shanlian_ai - INFO - 技能库管理器 - 技能名称: 12306技能练习
2026-03-17 22:20:52,913 - shanlian_ai - INFO - 技能库管理器 - 待评估内容: 1. 打开12306APP，登录账号后在首页搜索“北京南-上海虹桥”，选择发车日期为1月26日（春运高峰日）；2. 找到G101次列车，点击“候补购票”按钮；3. 选择“二等座”作为候补席位，点击“添加乘客”选择1位已完成核验的同行人；4. 点击“兑现截止时间”，设置为1月26日10:00（G101发车时间为12:00，提前2小时）；5. 勾选“优先兑现所选车次席别”，点击“添加备选车次”，选择同方向的G103、G105次列车作为候补备选；6. 确认订单信息无误后，提交订单并完成支付；7. 进入“我的-我的订单-候补订单”，查看候补订单的状态为“待兑现”，操作完成。
2026-03-17 22:20:52,913 - shanlian_ai - INFO - 技能库管理器 - 参考信息: 春运热门线路候补购票全流程操作练习
2026-03-17 22:20:52,913 - shanlian_ai - INFO - 技能库管理器 - 提示词模板: 你是{target_skill_name}专家，评估以下{target_skill_name}内容：

{target_skill_name}内容：{{content}}

要求：从内容准确性、结构完整性、表达清晰度、{target_skill_name}专业性等方面进行评估，
并按以下格式输出：总分(1-10分)|各项得分详情|优点|改进建议。
2026-03-17 22:20:52,914 - shanlian_ai - INFO - AI评估接收 - 技能名称: 12306技能练习
2026-03-17 22:20:52,914 - shanlian_ai - INFO - AI评估接收 - 待评估内容: 1. 打开12306APP，登录账号后在首页搜索“北京南-上海虹桥”，选择发车日期为1月26日（春运高峰日）；2. 找到G101次列车，点击“候补购票”按钮；3. 选择“二等座”作为候补席位，点击“添加乘客”选择1位已完成核验的同行人；4. 点击“兑现截止时间”，设置为1月26日10:00（G101发车时间为12:00，提前2小时）；5. 勾选“优先兑现所选车次席别”，点击“添加备选车次”，选择同方向的G103、G105次列车作为候补备选；6. 确认订单信息无误后，提交订单并完成支付；7. 进入“我的-我的订单-候补订单”，查看候补订单的状态为“待兑现”，操作完成。
2026-03-17 22:20:52,914 - shanlian_ai - INFO - AI评估接收 - 参考信息: 春运热门线路候补购票全流程操作练习
2026-03-17 22:20:52,914 - shanlian_ai - INFO - AI评估接收 - 提示词: 你是12306技能练习专家，评估以下12306技能练习内容：

12306技能练习内容：}

要求：从内容准确性、结构完整性、表达清晰度、12306技能练习专业性等方面进行评估，
并按以下格式输出：总分(1-10分)|各项得分详情|优点|改进建议。
2026-03-17 22:21:02,261 - shanlian_ai - INFO - AI评估返回 - 原始响应: 0分|内容准确性：0分，结构完整性：0分，表达清晰度：0分，12306技能练习专业性：0分|无|请补充具体的12306技能练习相关内容，例如购票流程实操、退票改签规则应用、候补购票操作、身份核验步骤等具体练习模块，明确练习的操作步骤、规则要点等内容，确保内容符合12306官方规范后再进行评估。
2026-03-17 22:29:15,893 - shanlian_ai - INFO - API接收 - 技能ID: skill_12306
2026-03-17 22:29:15,894 - shanlian_ai - INFO - API接收 - 待评估内容: 1. 打开12306APP，登录账号后在首页搜索“北京南-上海虹桥”，选择发车日期为1月26日（春运高峰日）；2. 找到G101次列车，点击“候补购票”按钮；3. 选择“二等座”作为候补席位，点击“添加乘客”选择1位已完成核验的同行人；4. 点击“兑现截止时间”，设置为1月26日10:00（G101发车时间为12:00，提前2小时）；5. 勾选“优先兑现所选车次席别”，点击“添加备选车次”，选择同方向的G103、G105次列车作为候补备选；6. 确认订单信息无误后，提交订单并完成支付；7. 进入“我的-我的订单-候补订单”，查看候补订单的状态为“待兑现”，操作完成。
2026-03-17 22:29:15,895 - shanlian_ai - INFO - API接收 - 参考信息: 春运热门线路候补购票全流程操作练习
2026-03-17 22:29:15,895 - shanlian_ai - INFO - API接收 - 参数: {}
2026-03-17 22:29:15,896 - shanlian_ai - INFO - 技能库管理器 - 技能ID: skill_12306
2026-03-17 22:29:15,896 - shanlian_ai - INFO - 技能库管理器 - 技能名称: 12306技能练习
2026-03-17 22:29:15,896 - shanlian_ai - INFO - 技能库管理器 - 待评估内容: 1. 打开12306APP，登录账号后在首页搜索“北京南-上海虹桥”，选择发车日期为1月26日（春运高峰日）；2. 找到G101次列车，点击“候补购票”按钮；3. 选择“二等座”作为候补席位，点击“添加乘客”选择1位已完成核验的同行人；4. 点击“兑现截止时间”，设置为1月26日10:00（G101发车时间为12:00，提前2小时）；5. 勾选“优先兑现所选车次席别”，点击“添加备选车次”，选择同方向的G103、G105次列车作为候补备选；6. 确认订单信息无误后，提交订单并完成支付；7. 进入“我的-我的订单-候补订单”，查看候补订单的状态为“待兑现”，操作完成。
2026-03-17 22:29:15,897 - shanlian_ai - INFO - 技能库管理器 - 参考信息: 春运热门线路候补购票全流程操作练习
2026-03-17 22:29:15,897 - shanlian_ai - INFO - 技能库管理器 - 提示词模板: 你是{target_skill_name}专家，评估以下{target_skill_name}内容：

{target_skill_name}内容：{{content}}

要求：从内容准确性、结构完整性、表达清晰度、{target_skill_name}专业性等方面进行评估，
并按以下格式输出：总分(1-10分)|各项得分详情|优点|改进建议。
2026-03-17 22:29:15,897 - shanlian_ai - INFO - AI评估接收 - 技能名称: 12306技能练习
2026-03-17 22:29:15,897 - shanlian_ai - INFO - AI评估接收 - 待评估内容: 1. 打开12306APP，登录账号后在首页搜索“北京南-上海虹桥”，选择发车日期为1月26日（春运高峰日）；2. 找到G101次列车，点击“候补购票”按钮；3. 选择“二等座”作为候补席位，点击“添加乘客”选择1位已完成核验的同行人；4. 点击“兑现截止时间”，设置为1月26日10:00（G101发车时间为12:00，提前2小时）；5. 勾选“优先兑现所选车次席别”，点击“添加备选车次”，选择同方向的G103、G105次列车作为候补备选；6. 确认订单信息无误后，提交订单并完成支付；7. 进入“我的-我的订单-候补订单”，查看候补订单的状态为“待兑现”，操作完成。
2026-03-17 22:29:15,898 - shanlian_ai - INFO - AI评估接收 - 参考信息: 春运热门线路候补购票全流程操作练习
2026-03-17 22:29:15,898 - shanlian_ai - INFO - AI评估接收 - 提示词: 你是12306技能练习专家，评估以下12306技能练习内容：

12306技能练习内容：}

要求：从内容准确性、结构完整性、表达清晰度、12306技能练习专业性等方面进行评估，
并按以下格式输出：总分(1-10分)|各项得分详情|优点|改进建议。
2026-03-17 22:29:29,348 - shanlian_ai - INFO - AI评估返回 - 原始响应: 0分|内容准确性0分、结构完整性0分、表达清晰度0分、12306技能练习专业性0分|无有效技能练习内容，无明确优点|请补充具体的12306技能练习相关内容，可围绕购票（含学生票资质核验、选座操作）、退票改签、候补购票、乘车信息查询等核心操作模块展开，按照清晰的逻辑结构组织内容，明确描述操作步骤及官方规则要求，确保内容准确且具备12306技能练习的专业性。
2026-03-17 22:47:32,915 - shanlian_ai - INFO - API接收 - 技能ID: skill_12306
2026-03-17 22:47:32,921 - shanlian_ai - INFO - API接收 - 待评估内容: 1. 打开12306APP，登录账号后在首页搜索“北京南-上海虹桥”，选择发车日期为1月26日（春运高峰日）；2. 找到G101次列车，点击“候补购票”按钮；3. 选择“二等座”作为候补席位，点击“添加乘客”选择1位已完成核验的同行人；4. 点击“兑现截止时间”，设置为1月26日10:00（G101发车时间为12:00，提前2小时）；5. 勾选“优先兑现所选车次席别”，点击“添加备选车次”，选择同方向的G103、G105次列车作为候补备选；6. 确认订单信息无误后，提交订单并完成支付；7. 进入“我的-我的订单-候补订单”，查看候补订单的状态为“待兑现”，操作完成。
2026-03-17 22:47:32,921 - shanlian_ai - INFO - API接收 - 参考信息: 春运热门线路候补购票全流程操作练习
2026-03-17 22:47:32,921 - shanlian_ai - INFO - API接收 - 参数: {}
2026-03-17 22:47:32,924 - shanlian_ai - INFO - 技能库管理器 - 技能ID: skill_12306
2026-03-17 22:47:32,924 - shanlian_ai - INFO - 技能库管理器 - 技能名称: 12306技能练习
2026-03-17 22:47:32,924 - shanlian_ai - INFO - 技能库管理器 - 待评估内容: 1. 打开12306APP，登录账号后在首页搜索“北京南-上海虹桥”，选择发车日期为1月26日（春运高峰日）；2. 找到G101次列车，点击“候补购票”按钮；3. 选择“二等座”作为候补席位，点击“添加乘客”选择1位已完成核验的同行人；4. 点击“兑现截止时间”，设置为1月26日10:00（G101发车时间为12:00，提前2小时）；5. 勾选“优先兑现所选车次席别”，点击“添加备选车次”，选择同方向的G103、G105次列车作为候补备选；6. 确认订单信息无误后，提交订单并完成支付；7. 进入“我的-我的订单-候补订单”，查看候补订单的状态为“待兑现”，操作完成。
2026-03-17 22:47:32,925 - shanlian_ai - INFO - 技能库管理器 - 参考信息: 春运热门线路候补购票全流程操作练习
2026-03-17 22:47:32,925 - shanlian_ai - INFO - 技能库管理器 - 提示词模板: 你是{target_skill_name}专家，评估以下{target_skill_name}内容：

{target_skill_name}内容：{{content}}

要求：从内容准确性、结构完整性、表达清晰度、{target_skill_name}专业性等方面进行评估，
并按以下格式输出：总分(1-10分)|各项得分详情|优点|改进建议。
2026-03-17 22:47:32,927 - shanlian_ai - INFO - AI评估接收 - 技能名称: 12306技能练习
2026-03-17 22:47:32,928 - shanlian_ai - INFO - AI评估接收 - 待评估内容: 1. 打开12306APP，登录账号后在首页搜索“北京南-上海虹桥”，选择发车日期为1月26日（春运高峰日）；2. 找到G101次列车，点击“候补购票”按钮；3. 选择“二等座”作为候补席位，点击“添加乘客”选择1位已完成核验的同行人；4. 点击“兑现截止时间”，设置为1月26日10:00（G101发车时间为12:00，提前2小时）；5. 勾选“优先兑现所选车次席别”，点击“添加备选车次”，选择同方向的G103、G105次列车作为候补备选；6. 确认订单信息无误后，提交订单并完成支付；7. 进入“我的-我的订单-候补订单”，查看候补订单的状态为“待兑现”，操作完成。
2026-03-17 22:47:32,928 - shanlian_ai - INFO - AI评估接收 - 参考信息: 春运热门线路候补购票全流程操作练习
2026-03-17 22:47:32,928 - shanlian_ai - INFO - AI评估接收 - 提示词: 你是12306技能练习专家，评估以下12306技能练习内容：

12306技能练习内容：}

要求：从内容准确性、结构完整性、表达清晰度、12306技能练习专业性等方面进行评估，
并按以下格式输出：总分(1-10分)|各项得分详情|优点|改进建议。
2026-03-17 22:47:45,547 - shanlian_ai - INFO - AI评估返回 - 原始响应: 总分(0分)|内容准确性:0分，结构完整性:0分，表达清晰度:0分，12306技能练习专业性:0分|优点:无|改进建议:请补充具体的12306技能练习相关内容，可围绕12306核心操作（如购票、退票改签、候补购票、身份信息核验、乘车人管理等）展开；需构建清晰的练习结构，比如分操作步骤、注意事项等模块；内容需严格符合12306官方规则以保证准确性与专业性，同时用简洁明了的语言表述操作逻辑，便于练习者理解与实操。
2026-03-17 23:13:34,799 - shanlian_ai - INFO - API接收 - 技能ID: skill_12306
2026-03-17 23:13:34,800 - shanlian_ai - INFO - API接收 - 待评估内容: 1. 打开12306APP，登录账号后在首页搜索“北京南-上海虹桥”，选择发车日期为1月26日（春运高峰日）；2. 找到G101次列车，点击“候补购票”按钮；3. 选择“二等座”作为候补席位，点击“添加乘客”选择1位已完成核验的同行人；4. 点击“兑现截止时间”，设置为1月26日10:00（G101发车时间为12:00，提前2小时）；5. 勾选“优先兑现所选车次席别”，点击“添加备选车次”，选择同方向的G103、G105次列车作为候补备选；6. 确认订单信息无误后，提交订单并完成支付；7. 进入“我的-我的订单-候补订单”，查看候补订单的状态为“待兑现”，操作完成。
2026-03-17 23:13:34,800 - shanlian_ai - INFO - API接收 - 参考信息: 春运热门线路候补购票全流程操作练习
2026-03-17 23:13:34,801 - shanlian_ai - INFO - API接收 - 参数: {}
2026-03-17 23:13:34,803 - shanlian_ai - INFO - 技能库管理器 - 技能ID: skill_12306
2026-03-17 23:13:34,803 - shanlian_ai - INFO - 技能库管理器 - 技能名称: 12306技能练习
2026-03-17 23:13:34,803 - shanlian_ai - INFO - 技能库管理器 - 待评估内容: 1. 打开12306APP，登录账号后在首页搜索“北京南-上海虹桥”，选择发车日期为1月26日（春运高峰日）；2. 找到G101次列车，点击“候补购票”按钮；3. 选择“二等座”作为候补席位，点击“添加乘客”选择1位已完成核验的同行人；4. 点击“兑现截止时间”，设置为1月26日10:00（G101发车时间为12:00，提前2小时）；5. 勾选“优先兑现所选车次席别”，点击“添加备选车次”，选择同方向的G103、G105次列车作为候补备选；6. 确认订单信息无误后，提交订单并完成支付；7. 进入“我的-我的订单-候补订单”，查看候补订单的状态为“待兑现”，操作完成。
2026-03-17 23:13:34,803 - shanlian_ai - INFO - 技能库管理器 - 参考信息: 春运热门线路候补购票全流程操作练习
2026-03-17 23:13:34,804 - shanlian_ai - INFO - 技能库管理器 - 提示词模板: 你是{target_skill_name}专家，评估以下{target_skill_name}内容：

{target_skill_name}内容：{{content}}

要求：从内容准确性、结构完整性、表达清晰度、{target_skill_name}专业性等方面进行评估，
并按以下格式输出：总分(1-10分)|各项得分详情|优点|改进建议。
2026-03-17 23:13:34,805 - shanlian_ai - INFO - AI评估接收 - 技能名称: 12306技能练习
2026-03-17 23:13:34,805 - shanlian_ai - INFO - AI评估接收 - 待评估内容: 1. 打开12306APP，登录账号后在首页搜索“北京南-上海虹桥”，选择发车日期为1月26日（春运高峰日）；2. 找到G101次列车，点击“候补购票”按钮；3. 选择“二等座”作为候补席位，点击“添加乘客”选择1位已完成核验的同行人；4. 点击“兑现截止时间”，设置为1月26日10:00（G101发车时间为12:00，提前2小时）；5. 勾选“优先兑现所选车次席别”，点击“添加备选车次”，选择同方向的G103、G105次列车作为候补备选；6. 确认订单信息无误后，提交订单并完成支付；7. 进入“我的-我的订单-候补订单”，查看候补订单的状态为“待兑现”，操作完成。
2026-03-17 23:13:34,806 - shanlian_ai - INFO - AI评估接收 - 参考信息: 春运热门线路候补购票全流程操作练习
2026-03-17 23:13:34,806 - shanlian_ai - INFO - AI评估接收 - 提示词: 你是12306技能练习专家，评估以下12306技能练习内容：

12306技能练习内容：}

要求：从内容准确性、结构完整性、表达清晰度、12306技能练习专业性等方面进行评估，
并按以下格式输出：总分(1-10分)|各项得分详情|优点|改进建议。
2026-03-17 23:13:45,730 - shanlian_ai - INFO - AI评估返回 - 原始响应: 总分(0分)|内容准确性:0分，结构完整性:0分，表达清晰度:0分，12306技能练习专业性:0分|优点：无有效练习内容，无相关优点可阐述|改进建议：请补充具体的12306技能练习相关内容，例如购票流程实操、退票改签操作步骤、候补购票技巧运用、身份核验流程练习等具体模块；后续可围绕选定的练习内容梳理清晰的结构，确保内容准确符合12306官方规则，清晰表达练习要点与操作细节，提升练习内容的专业性。
2026-03-24 11:20:34,248 - shanlian_ai - INFO - API接收 - 技能ID: skill_12306
2026-03-24 11:20:34,249 - shanlian_ai - INFO - API接收 - 待评估内容: 1. 打开12306APP，登录账号后在首页搜索“北京南-上海虹桥”，选择发车日期为1月26日（春运高峰日）；2. 找到G101次列车，点击“候补购票”按钮；3. 选择“二等座”作为候补席位，点击“添加乘客”选择1位已完成核验的同行人；4. 点击“兑现截止时间”，设置为1月26日10:00（G101发车时间为12:00，提前2小时）；5. 勾选“优先兑现所选车次席别”，点击“添加备选车次”，选择同方向的G103、G105次列车作为候补备选；6. 确认订单信息无误后，提交订单并完成支付；7. 进入“我的-我的订单-候补订单”，查看候补订单的状态为“待兑现”，操作完成。
2026-03-24 11:20:34,250 - shanlian_ai - INFO - API接收 - 参考信息: 春运热门线路候补购票全流程操作练习
2026-03-24 11:20:34,251 - shanlian_ai - INFO - API接收 - 参数: {}
2026-03-24 11:20:34,252 - shanlian_ai - INFO - 技能库管理器 - 技能ID: skill_12306
2026-03-24 11:20:34,253 - shanlian_ai - INFO - 技能库管理器 - 技能名称: 12306技能练习
2026-03-24 11:20:34,253 - shanlian_ai - INFO - 技能库管理器 - 待评估内容: 1. 打开12306APP，登录账号后在首页搜索“北京南-上海虹桥”，选择发车日期为1月26日（春运高峰日）；2. 找到G101次列车，点击“候补购票”按钮；3. 选择“二等座”作为候补席位，点击“添加乘客”选择1位已完成核验的同行人；4. 点击“兑现截止时间”，设置为1月26日10:00（G101发车时间为12:00，提前2小时）；5. 勾选“优先兑现所选车次席别”，点击“添加备选车次”，选择同方向的G103、G105次列车作为候补备选；6. 确认订单信息无误后，提交订单并完成支付；7. 进入“我的-我的订单-候补订单”，查看候补订单的状态为“待兑现”，操作完成。
2026-03-24 11:20:34,253 - shanlian_ai - INFO - 技能库管理器 - 参考信息: 春运热门线路候补购票全流程操作练习
2026-03-24 11:20:34,254 - shanlian_ai - INFO - 技能库管理器 - 提示词模板: 你是{target_skill_name}专家，评估以下{target_skill_name}内容：

{target_skill_name}内容：{{content}}

要求：从内容准确性、结构完整性、表达清晰度、{target_skill_name}专业性等方面进行评估，
并按以下格式输出：总分(1-10分)|各项得分详情|优点|改进建议。
2026-03-24 11:20:34,254 - shanlian_ai - INFO - AI评估接收 - 技能名称: 12306技能练习
2026-03-24 11:20:34,254 - shanlian_ai - INFO - AI评估接收 - 待评估内容: 1. 打开12306APP，登录账号后在首页搜索“北京南-上海虹桥”，选择发车日期为1月26日（春运高峰日）；2. 找到G101次列车，点击“候补购票”按钮；3. 选择“二等座”作为候补席位，点击“添加乘客”选择1位已完成核验的同行人；4. 点击“兑现截止时间”，设置为1月26日10:00（G101发车时间为12:00，提前2小时）；5. 勾选“优先兑现所选车次席别”，点击“添加备选车次”，选择同方向的G103、G105次列车作为候补备选；6. 确认订单信息无误后，提交订单并完成支付；7. 进入“我的-我的订单-候补订单”，查看候补订单的状态为“待兑现”，操作完成。
2026-03-24 11:20:34,255 - shanlian_ai - INFO - AI评估接收 - 参考信息: 春运热门线路候补购票全流程操作练习
2026-03-24 11:20:34,255 - shanlian_ai - INFO - AI评估接收 - 提示词: 你是12306技能练习专家，评估以下12306技能练习内容：

12306技能练习内容：}

要求：从内容准确性、结构完整性、表达清晰度、12306技能练习专业性等方面进行评估，
并按以下格式输出：总分(1-10分)|各项得分详情|优点|改进建议。
2026-03-24 11:20:45,720 - shanlian_ai - INFO - AI评估返回 - 原始响应: 0分|内容准确性：0分，结构完整性：0分，表达清晰度：0分，12306技能练习专业性：0分|优点：无有效练习内容，无相关优点可阐述|改进建议：1. 补充具体的12306技能练习相关内容，可涵盖购票流程操作、退票改签步骤、候补购票技巧、身份核验方法、乘车信息查询等实际操作模块；2. 按照逻辑清晰的结构组织练习内容，比如分模块分步骤呈现；3. 确保内容符合12306官方最新规则与操作规范，提升练习内容的专业性；4. 用简洁明了的语言表述操作要点，保证表达清晰度。
2026-03-24 11:32:13,595 - shanlian_ai - INFO - API接收 - 技能ID: skill_12306
2026-03-24 11:32:13,597 - shanlian_ai - INFO - API接收 - 待评估内容: 1. 打开12306APP，登录账号后在首页搜索“北京南-上海虹桥”，选择发车日期为1月26日（春运高峰日）；2. 找到G101次列车，点击“候补购票”按钮；3. 选择“二等座”作为候补席位，点击“添加乘客”选择1位已完成核验的同行人；4. 点击“兑现截止时间”，设置为1月26日10:00（G101发车时间为12:00，提前2小时）；5. 勾选“优先兑现所选车次席别”，点击“添加备选车次”，选择同方向的G103、G105次列车作为候补备选；6. 确认订单信息无误后，提交订单并完成支付；7. 进入“我的-我的订单-候补订单”，查看候补订单的状态为“待兑现”，操作完成。
2026-03-24 11:32:13,599 - shanlian_ai - INFO - API接收 - 参考信息: 春运热门线路候补购票全流程操作练习
2026-03-24 11:32:13,600 - shanlian_ai - INFO - API接收 - 参数: {}
2026-03-24 11:32:13,602 - shanlian_ai - INFO - 技能库管理器 - 技能ID: skill_12306
2026-03-24 11:32:13,602 - shanlian_ai - INFO - 技能库管理器 - 技能名称: 12306技能练习
2026-03-24 11:32:13,603 - shanlian_ai - INFO - 技能库管理器 - 待评估内容: 1. 打开12306APP，登录账号后在首页搜索“北京南-上海虹桥”，选择发车日期为1月26日（春运高峰日）；2. 找到G101次列车，点击“候补购票”按钮；3. 选择“二等座”作为候补席位，点击“添加乘客”选择1位已完成核验的同行人；4. 点击“兑现截止时间”，设置为1月26日10:00（G101发车时间为12:00，提前2小时）；5. 勾选“优先兑现所选车次席别”，点击“添加备选车次”，选择同方向的G103、G105次列车作为候补备选；6. 确认订单信息无误后，提交订单并完成支付；7. 进入“我的-我的订单-候补订单”，查看候补订单的状态为“待兑现”，操作完成。
2026-03-24 11:32:13,604 - shanlian_ai - INFO - 技能库管理器 - 参考信息: 春运热门线路候补购票全流程操作练习
2026-03-24 11:32:13,604 - shanlian_ai - INFO - AI评估接收 - 技能名称: 12306技能练习
2026-03-24 11:32:13,605 - shanlian_ai - INFO - AI评估接收 - 待评估内容: 1. 打开12306APP，登录账号后在首页搜索“北京南-上海虹桥”，选择发车日期为1月26日（春运高峰日）；2. 找到G101次列车，点击“候补购票”按钮；3. 选择“二等座”作为候补席位，点击“添加乘客”选择1位已完成核验的同行人；4. 点击“兑现截止时间”，设置为1月26日10:00（G101发车时间为12:00，提前2小时）；5. 勾选“优先兑现所选车次席别”，点击“添加备选车次”，选择同方向的G103、G105次列车作为候补备选；6. 确认订单信息无误后，提交订单并完成支付；7. 进入“我的-我的订单-候补订单”，查看候补订单的状态为“待兑现”，操作完成。
2026-03-24 11:32:13,606 - shanlian_ai - INFO - AI评估接收 - 参考信息: 春运热门线路候补购票全流程操作练习
2026-03-24 11:32:13,606 - shanlian_ai - INFO - AI评估 - 技能类型: 通用
2026-03-24 11:32:13,607 - shanlian_ai - INFO - AI评估 - 使用单智能体评估
2026-03-24 11:32:13,607 - shanlian_ai - INFO - AI评估接收 - 提示词: 
                你是专业的12306技能练习评估专家，请评估以下12306技能练习内容：
                
                待评估内容：
                1. 打开12306APP，登录账号后在首页搜索“北京南-上海虹桥”，选择发车日期为1月26日（春运高峰日）；2. 找到G101次列车，点击“候补购票”按钮；3. 选择“二等座”作为候补席位，点击“添加乘客”选择1位已完成核验的同行人；4. 点击“兑现截止时间”，设置为1月26日10:00（G101发车时间为12:00，提前2小时）；5. 勾选“优先兑现所选车次席别”，点击“添加备选车次”，选择同方向的G103、G105次列车作为候补备选；6. 确认订单信息无误后，提交订单并完成支付；7. 进入“我的-我的订单-候补订单”，查看候补订单的状态为“待兑现”，操作完成。
                
                参考信息：
                春运热门线路候补购票全流程操作练习
                
                评估维度：
                None
                
                请按以下格式输出：
                总分(1-10分)|各项得分详情|优点|改进建议
                
2026-03-24 11:33:13,442 - shanlian_ai - INFO - AI评估返回 - 原始响应: 9分|流程完整性（3分，得3分）、操作规范性（3分，得3分）、春运场景适配性（4分，得3分）|优点：1. 练习流程完整覆盖春运热门线路候补购票全操作环节，从APP登录、车次搜索到候补订单提交与状态查询，逻辑清晰且无关键环节遗漏，贴合12306实际操作逻辑；2. 操作细节严谨合规，明确选择已完成核验的同行人、设置发车前2小时为兑现截止时间、勾选“优先兑现所选车次席别”，均符合12306候补购票的官方规范；3. 针对春运高峰特点添加同方向备选车次，有效提升候补兑现成功率，操作策略贴合实际购票需求。|改进建议：1. 可补充候补订单兑现失败后的应急操作练习，如取消候补、调整兑现参数或更换备选车次等，适配春运高峰候补可能出现的未兑现场景；2. 可增加候补订单兑现成功后的车票查看、提取及改签退票等后续操作练习，使练习流程更闭环；3. 可补充春运期间候补购票的核心规则提示（如候补人数上限、兑现优先级判定等），进一步增强练习的指导性，帮助更好应对春运购票的复杂场景。
2026-03-24 11:40:08,380 - shanlian_ai - WARNING - 编程技能练习内容生成失败
2026-03-24 11:40:08,381 - shanlian_ai - WARNING - 自定义prompt生成的内容为空
2026-03-24 11:43:23,344 - shanlian_ai - WARNING - 编程技能练习内容生成失败
2026-03-24 11:43:23,345 - shanlian_ai - WARNING - 自定义prompt生成的内容为空
2026-03-24 11:53:46,819 - shanlian_ai - WARNING - 自定义prompt生成的内容不是有效的JSON：{
    "title": 《职场3分钟演讲：跨部门协作快速对齐需求的3个实用技巧》,
    "description": "【练习背景】职场中跨部门协作常因需求对齐不清晰、效率低下导致项目延误，员工需要在部门周会、小型经验分享等场景下，用短时间演讲传递实用工作方法。【练习目标】提升3分钟内逻辑清晰、有说服力地输出职场实用技巧的演讲能力，强化短演讲的共情性与落地性。【练习要求】演讲时长严格控制在3分钟内，需结合1个真实或模拟的职场小案例，结构清晰，语言口语化，避免空泛理论，结尾需有明确的价值总结。",
    "hint": "采用「痛点场景引入-技巧拆解+微案例-价值总结」的黄金结构：开头用15秒左右的职场常见痛点快速拉近距离；3个技巧各分配约50秒，每个技巧搭配10秒内的具体微动作案例；最后用15秒总结核心价值，强化记忆点。注意语速控制在每分钟180字左右，确保内容完整不超时。",
    "example_answer": "（语速适中，约3分钟）\n大家好！上周我和市场部对齐线下拉新活动的需求，光来回沟通就拖了3天，后来我调整了方法，这周同样的需求只用20分钟就搞定了。今天给大家分享3个实用小技巧：\n第一个技巧：提前发1页极简需求清单。不是长篇大论的文档，就3列核心信息：目标、交付物、截止时间。比如我当时发的是「目标：拉新500人；交付物：3张活动海报；时间：周三前」，市场部一眼就抓住了重点。\n第二个技巧：用「我需要你做X，因为Y」的句式沟通。不说「你们海报要快点出」，而是说「我需要周三前拿到3张海报，因为周四要启动信息流广告投放」，对方立刻明白这件事的优先级。\n第三个技巧：会后10分钟发文字版对齐纪要。不用写太多，就把刚才敲定的核心点列出来，比如「确认海报核心元素：活动 slogan、二维码，周三18点前交付」，避免后续出现「我没说过」的纠纷。\n其实跨部门对齐需求，核心就是把复杂问题变简单，把口头约定变落地。希望这3个小技巧能帮大家提升协作效率！谢谢大家！",
    "category": "职场演讲技能"
}
2026-03-24 12:04:27,715 - shanlian_ai - INFO - API接收 - 技能ID: skill_12306
2026-03-24 12:04:27,716 - shanlian_ai - INFO - API接收 - 待评估内容: 1. 挑选高频文件：选择「每日工作日报模板.docx」「微信快速启动.exe」「考研英语核心词汇.pdf」这3个日常高频使用的文件；2. 快速新建文件夹：按下Ctrl+Shift+N在桌面生成新文件夹，命名为「高频常用」；3. 创建快捷方式：分别选中3个文件，右键点击选择「创建快捷方式」，将生成的3个快捷方式依次拖入「高频常用」文件夹；4. 完成检查：桌面仅保留分类文件夹，原文件位置未改变，快捷方式分类清晰，整个练习耗时约2分钟，符合要求。
2026-03-24 12:04:27,717 - shanlian_ai - INFO - API接收 - 参考信息: 3分钟入门练习：常用文件快捷方式分类整理
2026-03-24 12:04:27,717 - shanlian_ai - INFO - API接收 - 参数: {}
2026-03-24 12:04:27,718 - shanlian_ai - INFO - 技能库管理器 - 技能ID: skill_12306
2026-03-24 12:04:27,718 - shanlian_ai - INFO - 技能库管理器 - 技能名称: 12306技能练习
2026-03-24 12:04:27,718 - shanlian_ai - INFO - 技能库管理器 - 待评估内容: 1. 挑选高频文件：选择「每日工作日报模板.docx」「微信快速启动.exe」「考研英语核心词汇.pdf」这3个日常高频使用的文件；2. 快速新建文件夹：按下Ctrl+Shift+N在桌面生成新文件夹，命名为「高频常用」；3. 创建快捷方式：分别选中3个文件，右键点击选择「创建快捷方式」，将生成的3个快捷方式依次拖入「高频常用」文件夹；4. 完成检查：桌面仅保留分类文件夹，原文件位置未改变，快捷方式分类清晰，整个练习耗时约2分钟，符合要求。
2026-03-24 12:04:27,719 - shanlian_ai - INFO - 技能库管理器 - 参考信息: 3分钟入门练习：常用文件快捷方式分类整理
2026-03-24 12:04:27,719 - shanlian_ai - INFO - AI评估接收 - 技能名称: 12306技能练习
2026-03-24 12:04:27,720 - shanlian_ai - INFO - AI评估接收 - 待评估内容: 1. 挑选高频文件：选择「每日工作日报模板.docx」「微信快速启动.exe」「考研英语核心词汇.pdf」这3个日常高频使用的文件；2. 快速新建文件夹：按下Ctrl+Shift+N在桌面生成新文件夹，命名为「高频常用」；3. 创建快捷方式：分别选中3个文件，右键点击选择「创建快捷方式」，将生成的3个快捷方式依次拖入「高频常用」文件夹；4. 完成检查：桌面仅保留分类文件夹，原文件位置未改变，快捷方式分类清晰，整个练习耗时约2分钟，符合要求。
2026-03-24 12:04:27,720 - shanlian_ai - INFO - AI评估接收 - 参考信息: 3分钟入门练习：常用文件快捷方式分类整理
2026-03-24 12:04:27,721 - shanlian_ai - INFO - AI评估 - 技能类型: 通用
2026-03-24 12:04:27,722 - shanlian_ai - INFO - AI评估 - 使用单智能体评估
2026-03-24 12:04:27,724 - shanlian_ai - INFO - AI评估接收 - 提示词: 
                你是专业的12306技能练习评估专家，请评估以下12306技能练习内容：
                
                待评估内容：
                1. 挑选高频文件：选择「每日工作日报模板.docx」「微信快速启动.exe」「考研英语核心词汇.pdf」这3个日常高频使用的文件；2. 快速新建文件夹：按下Ctrl+Shift+N在桌面生成新文件夹，命名为「高频常用」；3. 创建快捷方式：分别选中3个文件，右键点击选择「创建快捷方式」，将生成的3个快捷方式依次拖入「高频常用」文件夹；4. 完成检查：桌面仅保留分类文件夹，原文件位置未改变，快捷方式分类清晰，整个练习耗时约2分钟，符合要求。
                
                参考信息：
                3分钟入门练习：常用文件快捷方式分类整理
                
                评估维度：
                None
                
                请按以下格式输出：
                总分(1-10分)|各项得分详情|优点|改进建议
                
2026-03-24 12:04:49,249 - shanlian_ai - INFO - AI评估返回 - 原始响应: 10分|挑选高频文件：10分，快速新建文件夹：10分，创建快捷方式：10分，完成检查：10分|优点：1. 操作步骤完整规范，严格遵循练习要求完成所有任务环节；2. 耗时仅2分钟，操作效率远超练习预期标准；3. 细节处理到位，保留原文件位置未改动，同时将高频文件快捷方式清晰分类到指定文件夹，完全达成高频文件快速访问的练习目标。|改进建议：1. 可尝试为「高频常用」文件夹设置个性化图标，进一步提升视觉识别效率，更快定位目标文件夹；2. 练习批量创建快捷方式的操作技巧（如同时选中3个文件右键一次性创建快捷方式），进一步缩短操作耗时，优化操作流程。
2026-03-24 12:13:37,260 - shanlian_ai - INFO - API 接收 - 技能 ID: skill_speech
2026-03-24 12:13:37,260 - shanlian_ai - INFO - API 接收 - 待评估内容：大家好，我今天想分享我的小爱好——养多肉。我特别喜欢它们，因为它们胖乎乎的样子超治愈，而且不用花太多时间照顾，很适合我这种平时比较忙的人。平时我会每周给它们浇一次水，放在阳台晒晒太阳，看着它们从小小的一株慢慢长出新叶片，真的很有成就感。谢谢大家！
2026-03-24 12:13:37,261 - shanlian_ai - INFO - API 接收 - 参考信息：1分钟口语分享：我的日常小爱好
2026-03-24 12:13:37,261 - shanlian_ai - INFO - API 接收 - 参数：{}
2026-03-24 12:13:37,266 - shanlian_ai - INFO - 技能库管理器 - 技能ID: skill_speech
2026-03-24 12:13:37,266 - shanlian_ai - INFO - 技能库管理器 - 技能名称: 演讲技能练习
2026-03-24 12:13:37,267 - shanlian_ai - INFO - 技能库管理器 - 待评估内容: 大家好，我今天想分享我的小爱好——养多肉。我特别喜欢它们，因为它们胖乎乎的样子超治愈，而且不用花太多时间照顾，很适合我这种平时比较忙的人。平时我会每周给它们浇一次水，放在阳台晒晒太阳，看着它们从小小的一株慢慢长出新叶片，真的很有成就感。谢谢大家！
2026-03-24 12:13:37,267 - shanlian_ai - INFO - 技能库管理器 - 参考信息: 1分钟口语分享：我的日常小爱好
2026-03-24 12:13:37,269 - shanlian_ai - INFO - AI评估接收 - 技能名称: 演讲技能练习
2026-03-24 12:13:37,269 - shanlian_ai - INFO - AI评估接收 - 待评估内容: 大家好，我今天想分享我的小爱好——养多肉。我特别喜欢它们，因为它们胖乎乎的样子超治愈，而且不用花太多时间照顾，很适合我这种平时比较忙的人。平时我会每周给它们浇一次水，放在阳台晒晒太阳，看着它们从小小的一株慢慢长出新叶片，真的很有成就感。谢谢大家！
2026-03-24 12:13:37,269 - shanlian_ai - INFO - AI评估接收 - 参考信息: 1分钟口语分享：我的日常小爱好
2026-03-24 12:13:37,270 - shanlian_ai - INFO - AI评估 - 技能类型: 演讲
2026-03-24 12:13:37,270 - shanlian_ai - INFO - AI评估 - 使用多智能体评估
2026-03-24 12:13:37,270 - shanlian_ai - INFO - AI评估 - 智能体: 演讲内容专家
2026-03-24 12:13:37,271 - shanlian_ai - INFO - AI评估 - 提示词: 
            你是演讲内容专家，评价用户演讲内容（1-10分）：
            待评估内容：大家好，我今天想分享我的小爱好——养多肉。我特别喜欢它们，因为它们胖乎乎的样子超治愈，而且不用花太多时间照顾，很适合我这种平时比较忙的人。平时我会每周给它们浇一次水，放在阳台晒晒太阳，看着它们从小小的一株慢慢长出新叶片，真的很有成就感。谢谢大家！
            参考信息：1分钟口语分享：我的日常小爱好
            要求：仅输出「评分（1-10分）|优点|改进点」，各部分用|分隔，优点/改进点简洁（各1-2句话）
            
2026-03-24 12:13:50,618 - shanlian_ai - INFO - AI评估 - 智能体响应: 演讲内容专家 - 8分|内容紧扣日常小爱好主题，清晰分享了养多肉的治愈点与日常照料，适配1分钟分享时长|可增加具体成长细节（如某株多肉的变化趣事）提升感染力，或优化开场增强与听众的互动性
2026-03-24 12:13:50,619 - shanlian_ai - INFO - AI评估 - 智能体: 表达流畅度专家
2026-03-24 12:13:50,619 - shanlian_ai - INFO - AI评估 - 提示词: 
            你是表达流畅度专家，评价用户演讲内容（1-10分）：
            待评估内容：大家好，我今天想分享我的小爱好——养多肉。我特别喜欢它们，因为它们胖乎乎的样子超治愈，而且不用花太多时间照顾，很适合我这种平时比较忙的人。平时我会每周给它们浇一次水，放在阳台晒晒太阳，看着它们从小小的一株慢慢长出新叶片，真的很有成就感。谢谢大家！
            参考信息：1分钟口语分享：我的日常小爱好
            要求：仅输出「评分（1-10分）|优点|改进点」，各部分用|分隔，优点/改进点简洁（各1-2句话）
            
2026-03-24 12:13:59,465 - shanlian_ai - INFO - AI评估 - 智能体响应: 表达流畅度专家 - 9分|内容紧扣“日常小爱好”主题，逻辑连贯，清晰传递了养多肉的乐趣与日常照料方式，表达自然真挚|可增加一个具体的多肉养护小细节或趣事，比如某盆多肉的独特变化，让分享更具画面感和感染力
2026-03-24 12:13:59,466 - shanlian_ai - INFO - AI评估 - 智能体: 结构逻辑专家
2026-03-24 12:13:59,466 - shanlian_ai - INFO - AI评估 - 提示词: 
            你是演讲结构专家，评价用户演讲内容（1-10分）：
            待评估内容：大家好，我今天想分享我的小爱好——养多肉。我特别喜欢它们，因为它们胖乎乎的样子超治愈，而且不用花太多时间照顾，很适合我这种平时比较忙的人。平时我会每周给它们浇一次水，放在阳台晒晒太阳，看着它们从小小的一株慢慢长出新叶片，真的很有成就感。谢谢大家！
            参考信息：1分钟口语分享：我的日常小爱好
            要求：仅输出「评分（1-10分）|优点|改进点」，各部分用|分隔，优点/改进点简洁（各1-2句话）
            
2026-03-24 12:14:07,754 - shanlian_ai - INFO - AI评估 - 智能体响应: 结构逻辑专家 - 6分|开篇明确主题，清晰说明爱好的吸引力与日常照料方式，符合分享的基本逻辑|可增加具体细节（如某株多肉的成长小故事），让内容更生动有记忆点
2026-03-24 12:48:03,579 - shanlian_ai - WARNING - 编程技能练习内容生成失败
2026-03-24 12:48:03,585 - shanlian_ai - WARNING - 自定义prompt生成的内容为空
2026-03-24 14:46:53,381 - shanlian_ai - WARNING - 编程技能练习内容生成失败
2026-03-24 14:46:53,382 - shanlian_ai - WARNING - 自定义prompt生成的内容为空
2026-03-24 15:02:28,057 - shanlian_ai - INFO - API 接收 - 技能 ID: skill_code
2026-03-24 15:02:28,059 - shanlian_ai - INFO - API 接收 - 待评估内容：def uniquePathsWithObstacles(obstacleGrid): m = len(obstacleGrid) if m == 0: return 0 n = len(obstacleGrid[0]) # 起点或终点为障碍物，直接返回0 if obstacleGrid[0][0] == 1 or obstacleGrid[-1][-1] == 1: return 0 # 初始化一维dp数组，优化空间 dp = [0] * n dp[0] = 1 # 初始位置路径数为1 # 填充第一行 for j in range(1, n): if obstacleGrid[0][j] == 0 and dp[j-1] == 1: dp[j] = 1 else: dp[j] = 0 # 填充剩余行 for i in range(1, m): # 更新当前行的第一个元素 if obstacleGrid[i][0] == 1: dp[0] = 0 # 遍历当前行的其他元素 for j in range(1, n): if obstacleGrid[i][j] == 1: dp[j] = 0 else: dp[j] += dp[j-1] return dp[-1] # 测试用例 # 示例1 grid1 = [[0,0,0],[0,1,0],[0,0,0]] print(uniquePathsWithObstacles(grid1)) # 输出: 2 # 示例2 grid2 = [[0,1],[0,0]] print(uniquePathsWithObstacles(grid2)) # 输出: 1
2026-03-24 15:02:28,059 - shanlian_ai - INFO - API 接收 - 参考信息：不同路径 II
2026-03-24 15:02:28,060 - shanlian_ai - INFO - API 接收 - 参数：{}
2026-03-24 15:02:28,061 - shanlian_ai - INFO - 技能库管理器 - 技能ID: skill_code
2026-03-24 15:02:28,061 - shanlian_ai - INFO - 技能库管理器 - 技能名称: 编程技能练习
2026-03-24 15:02:28,062 - shanlian_ai - INFO - 技能库管理器 - 待评估内容: def uniquePathsWithObstacles(obstacleGrid): m = len(obstacleGrid) if m == 0: return 0 n = len(obstacleGrid[0]) # 起点或终点为障碍物，直接返回0 if obstacleGrid[0][0] == 1 or obstacleGrid[-1][-1] == 1: return 0 # 初始化一维dp数组，优化空间 dp = [0] * n dp[0] = 1 # 初始位置路径数为1 # 填充第一行 for j in range(1, n): if obstacleGrid[0][j] == 0 and dp[j-1] == 1: dp[j] = 1 else: dp[j] = 0 # 填充剩余行 for i in range(1, m): # 更新当前行的第一个元素 if obstacleGrid[i][0] == 1: dp[0] = 0 # 遍历当前行的其他元素 for j in range(1, n): if obstacleGrid[i][j] == 1: dp[j] = 0 else: dp[j] += dp[j-1] return dp[-1] # 测试用例 # 示例1 grid1 = [[0,0,0],[0,1,0],[0,0,0]] print(uniquePathsWithObstacles(grid1)) # 输出: 2 # 示例2 grid2 = [[0,1],[0,0]] print(uniquePathsWithObstacles(grid2)) # 输出: 1
2026-03-24 15:02:28,062 - shanlian_ai - INFO - 技能库管理器 - 参考信息: 不同路径 II
2026-03-24 15:02:28,063 - shanlian_ai - INFO - AI评估接收 - 技能名称: 编程技能练习
2026-03-24 15:02:28,063 - shanlian_ai - INFO - AI评估接收 - 待评估内容: def uniquePathsWithObstacles(obstacleGrid): m = len(obstacleGrid) if m == 0: return 0 n = len(obstacleGrid[0]) # 起点或终点为障碍物，直接返回0 if obstacleGrid[0][0] == 1 or obstacleGrid[-1][-1] == 1: return 0 # 初始化一维dp数组，优化空间 dp = [0] * n dp[0] = 1 # 初始位置路径数为1 # 填充第一行 for j in range(1, n): if obstacleGrid[0][j] == 0 and dp[j-1] == 1: dp[j] = 1 else: dp[j] = 0 # 填充剩余行 for i in range(1, m): # 更新当前行的第一个元素 if obstacleGrid[i][0] == 1: dp[0] = 0 # 遍历当前行的其他元素 for j in range(1, n): if obstacleGrid[i][j] == 1: dp[j] = 0 else: dp[j] += dp[j-1] return dp[-1] # 测试用例 # 示例1 grid1 = [[0,0,0],[0,1,0],[0,0,0]] print(uniquePathsWithObstacles(grid1)) # 输出: 2 # 示例2 grid2 = [[0,1],[0,0]] print(uniquePathsWithObstacles(grid2)) # 输出: 1
2026-03-24 15:02:28,063 - shanlian_ai - INFO - AI评估接收 - 参考信息: 不同路径 II
2026-03-24 15:02:28,064 - shanlian_ai - INFO - AI评估 - 技能类型: 编程
2026-03-24 15:02:28,064 - shanlian_ai - INFO - AI评估 - 使用多智能体评估
2026-03-24 15:02:28,064 - shanlian_ai - INFO - AI评估 - 智能体: 代码质量专家
2026-03-24 15:02:28,065 - shanlian_ai - INFO - AI评估 - 提示词: 
            你是代码质量专家，评价用户代码（1-10分）：
            待评估内容：def uniquePathsWithObstacles(obstacleGrid): m = len(obstacleGrid) if m == 0: return 0 n = len(obstacleGrid[0]) # 起点或终点为障碍物，直接返回0 if obstacleGrid[0][0] == 1 or obstacleGrid[-1][-1] == 1: return 0 # 初始化一维dp数组，优化空间 dp = [0] * n dp[0] = 1 # 初始位置路径数为1 # 填充第一行 for j in range(1, n): if obstacleGrid[0][j] == 0 and dp[j-1] == 1: dp[j] = 1 else: dp[j] = 0 # 填充剩余行 for i in range(1, m): # 更新当前行的第一个元素 if obstacleGrid[i][0] == 1: dp[0] = 0 # 遍历当前行的其他元素 for j in range(1, n): if obstacleGrid[i][j] == 1: dp[j] = 0 else: dp[j] += dp[j-1] return dp[-1] # 测试用例 # 示例1 grid1 = [[0,0,0],[0,1,0],[0,0,0]] print(uniquePathsWithObstacles(grid1)) # 输出: 2 # 示例2 grid2 = [[0,1],[0,0]] print(uniquePathsWithObstacles(grid2)) # 输出: 1
            参考信息：不同路径 II
            要求：仅输出「评分（1-10分）|优点|改进点」，各部分用|分隔，优点/改进点简洁（各1-2句话）
            
2026-03-24 15:03:22,575 - shanlian_ai - INFO - AI评估 - 智能体响应: 代码质量专家 - 8分|采用一维DP优化空间至O(n)，处理了起点/终点障碍的边界情况，附带测试用例|第一行处理逻辑可简化为dp[j] = dp[j-1] if obstacleGrid[0][j]==0 else 0；需补充m>0但n=0的异常判断，避免索引越界
2026-03-24 15:03:22,576 - shanlian_ai - INFO - AI评估 - 智能体: 逻辑正确性专家
2026-03-24 15:03:22,576 - shanlian_ai - INFO - AI评估 - 提示词: 
            你是逻辑正确性专家，评价用户代码（1-10分）：
            待评估内容：def uniquePathsWithObstacles(obstacleGrid): m = len(obstacleGrid) if m == 0: return 0 n = len(obstacleGrid[0]) # 起点或终点为障碍物，直接返回0 if obstacleGrid[0][0] == 1 or obstacleGrid[-1][-1] == 1: return 0 # 初始化一维dp数组，优化空间 dp = [0] * n dp[0] = 1 # 初始位置路径数为1 # 填充第一行 for j in range(1, n): if obstacleGrid[0][j] == 0 and dp[j-1] == 1: dp[j] = 1 else: dp[j] = 0 # 填充剩余行 for i in range(1, m): # 更新当前行的第一个元素 if obstacleGrid[i][0] == 1: dp[0] = 0 # 遍历当前行的其他元素 for j in range(1, n): if obstacleGrid[i][j] == 1: dp[j] = 0 else: dp[j] += dp[j-1] return dp[-1] # 测试用例 # 示例1 grid1 = [[0,0,0],[0,1,0],[0,0,0]] print(uniquePathsWithObstacles(grid1)) # 输出: 2 # 示例2 grid2 = [[0,1],[0,0]] print(uniquePathsWithObstacles(grid2)) # 输出: 1
            参考信息：不同路径 II
            要求：仅输出「评分（1-10分）|优点|改进点」，各部分用|分隔，优点/改进点简洁（各1-2句话）
            
2026-03-24 15:04:11,413 - shanlian_ai - INFO - AI评估 - 智能体响应: 逻辑正确性专家 - 8分|采用一维DP优化空间至O(n)，核心逻辑正确，通过给定测试用例。|第一行填充逻辑可简化为dp[j] = dp[j-1] if obstacleGrid[0][j]==0 else 0以提升可读性；需补充处理m>0但n=0的边界情况，避免索引错误。
2026-03-24 15:04:11,414 - shanlian_ai - INFO - AI评估 - 智能体: 性能优化专家
2026-03-24 15:04:11,414 - shanlian_ai - INFO - AI评估 - 提示词: 
            你是性能优化专家，评价用户代码（1-10分）：
            待评估内容：def uniquePathsWithObstacles(obstacleGrid): m = len(obstacleGrid) if m == 0: return 0 n = len(obstacleGrid[0]) # 起点或终点为障碍物，直接返回0 if obstacleGrid[0][0] == 1 or obstacleGrid[-1][-1] == 1: return 0 # 初始化一维dp数组，优化空间 dp = [0] * n dp[0] = 1 # 初始位置路径数为1 # 填充第一行 for j in range(1, n): if obstacleGrid[0][j] == 0 and dp[j-1] == 1: dp[j] = 1 else: dp[j] = 0 # 填充剩余行 for i in range(1, m): # 更新当前行的第一个元素 if obstacleGrid[i][0] == 1: dp[0] = 0 # 遍历当前行的其他元素 for j in range(1, n): if obstacleGrid[i][j] == 1: dp[j] = 0 else: dp[j] += dp[j-1] return dp[-1] # 测试用例 # 示例1 grid1 = [[0,0,0],[0,1,0],[0,0,0]] print(uniquePathsWithObstacles(grid1)) # 输出: 2 # 示例2 grid2 = [[0,1],[0,0]] print(uniquePathsWithObstacles(grid2)) # 输出: 1
            参考信息：不同路径 II
            要求：仅输出「评分（1-10分）|优点|改进点」，各部分用|分隔，优点/改进点简洁（各1-2句话）
            
2026-03-24 15:05:11,330 - shanlian_ai - INFO - AI评估 - 智能体响应: 性能优化专家 - 8分|采用一维DP数组优化空间复杂度至O(n)，提前处理起点/终点障碍物的边界情况|填充第一行的逻辑可简化为dp[j] = dp[j-1] if无障碍物 else 0；补充n=0的边界判断，避免索引错误
2026-03-24 15:07:02,283 - shanlian_ai - INFO - 新增自定义技能成功：法学
2026-03-24 15:07:02,283 - shanlian_ai - INFO - 自定义技能创建成功: 法学
2026-03-24 15:13:48,101 - shanlian_ai - INFO - API 接收 - 技能 ID: skill_法学
2026-03-24 15:13:48,102 - shanlian_ai - INFO - API 接收 - 待评估内容：一、尚欠本金计算： 1. 2022.1.1-2022.6.1（共5个月），借期内约定年利率15%超过合同成立时LPR4倍（14.8%），按14.8%计算利息：100000元×14.8%×5/12≈6166.67元。 2. 甲偿还的2万元先冲抵利息6166.67元，剩余20000-6166.67=13833.33元冲抵本金，尚欠本金100000-13833.33=86166.67元。 法律依据：《民法典》第五百六十一条（还款冲抵顺序）、《最高人民法院关于审理民间借贷案件适用法律若干问题的规定》第二十五条（借期内利率上限）。 二、借期内未付利息计算： 2022.6.1-2023.1.1（共7个月），以剩余本金86166.67元为基数，按14.8%计算利息：86166.67元×14.8%×7/12≈7347.56元。 法律依据：同上。 三、逾期利息计算： 2023.1.2-2023.3.1（共59天），约定逾期利率20%超过LPR4倍，按14.8%计算：86166.67元×14.8%×59/365≈1984.23元。 法律依据：《最高人民法院关于审理民间借贷案件适用法律若干问题的规定》第二十八条第一款（逾期利率上限）。 综上，甲尚欠本金86166.67元、借期内利息7347.56元、逾期利息1984.23元。
2026-03-24 15:13:48,103 - shanlian_ai - INFO - API 接收 - 参考信息：民间借贷纠纷案件中利息计算与法律适用练习
2026-03-24 15:13:48,103 - shanlian_ai - INFO - API 接收 - 参数：{}
2026-03-24 15:13:48,105 - shanlian_ai - INFO - 技能库管理器 - 技能ID: skill_法学
2026-03-24 15:13:48,105 - shanlian_ai - INFO - 技能库管理器 - 技能名称: 法学技能练习
2026-03-24 15:13:48,105 - shanlian_ai - INFO - 技能库管理器 - 待评估内容: 一、尚欠本金计算： 1. 2022.1.1-2022.6.1（共5个月），借期内约定年利率15%超过合同成立时LPR4倍（14.8%），按14.8%计算利息：100000元×14.8%×5/12≈6166.67元。 2. 甲偿还的2万元先冲抵利息6166.67元，剩余20000-6166.67=13833.33元冲抵本金，尚欠本金100000-13833.33=86166.67元。 法律依据：《民法典》第五百六十一条（还款冲抵顺序）、《最高人民法院关于审理民间借贷案件适用法律若干问题的规定》第二十五条（借期内利率上限）。 二、借期内未付利息计算： 2022.6.1-2023.1.1（共7个月），以剩余本金86166.67元为基数，按14.8%计算利息：86166.67元×14.8%×7/12≈7347.56元。 法律依据：同上。 三、逾期利息计算： 2023.1.2-2023.3.1（共59天），约定逾期利率20%超过LPR4倍，按14.8%计算：86166.67元×14.8%×59/365≈1984.23元。 法律依据：《最高人民法院关于审理民间借贷案件适用法律若干问题的规定》第二十八条第一款（逾期利率上限）。 综上，甲尚欠本金86166.67元、借期内利息7347.56元、逾期利息1984.23元。
2026-03-24 15:13:48,106 - shanlian_ai - INFO - 技能库管理器 - 参考信息: 民间借贷纠纷案件中利息计算与法律适用练习
2026-03-24 15:13:48,107 - shanlian_ai - INFO - AI评估接收 - 技能名称: 法学技能练习
2026-03-24 15:13:48,108 - shanlian_ai - INFO - AI评估接收 - 待评估内容: 一、尚欠本金计算： 1. 2022.1.1-2022.6.1（共5个月），借期内约定年利率15%超过合同成立时LPR4倍（14.8%），按14.8%计算利息：100000元×14.8%×5/12≈6166.67元。 2. 甲偿还的2万元先冲抵利息6166.67元，剩余20000-6166.67=13833.33元冲抵本金，尚欠本金100000-13833.33=86166.67元。 法律依据：《民法典》第五百六十一条（还款冲抵顺序）、《最高人民法院关于审理民间借贷案件适用法律若干问题的规定》第二十五条（借期内利率上限）。 二、借期内未付利息计算： 2022.6.1-2023.1.1（共7个月），以剩余本金86166.67元为基数，按14.8%计算利息：86166.67元×14.8%×7/12≈7347.56元。 法律依据：同上。 三、逾期利息计算： 2023.1.2-2023.3.1（共59天），约定逾期利率20%超过LPR4倍，按14.8%计算：86166.67元×14.8%×59/365≈1984.23元。 法律依据：《最高人民法院关于审理民间借贷案件适用法律若干问题的规定》第二十八条第一款（逾期利率上限）。 综上，甲尚欠本金86166.67元、借期内利息7347.56元、逾期利息1984.23元。
2026-03-24 15:13:48,108 - shanlian_ai - INFO - AI评估接收 - 参考信息: 民间借贷纠纷案件中利息计算与法律适用练习
2026-03-24 15:13:48,109 - shanlian_ai - INFO - AI评估 - 技能类型: 通用
2026-03-24 15:13:48,109 - shanlian_ai - INFO - AI评估 - 使用单智能体评估
2026-03-24 15:13:48,109 - shanlian_ai - INFO - AI评估接收 - 提示词: 
                你是专业的法学技能练习评估专家，请评估以下法学技能练习内容：
                
                待评估内容：
                一、尚欠本金计算： 1. 2022.1.1-2022.6.1（共5个月），借期内约定年利率15%超过合同成立时LPR4倍（14.8%），按14.8%计算利息：100000元×14.8%×5/12≈6166.67元。 2. 甲偿还的2万元先冲抵利息6166.67元，剩余20000-6166.67=13833.33元冲抵本金，尚欠本金100000-13833.33=86166.67元。 法律依据：《民法典》第五百六十一条（还款冲抵顺序）、《最高人民法院关于审理民间借贷案件适用法律若干问题的规定》第二十五条（借期内利率上限）。 二、借期内未付利息计算： 2022.6.1-2023.1.1（共7个月），以剩余本金86166.67元为基数，按14.8%计算利息：86166.67元×14.8%×7/12≈7347.56元。 法律依据：同上。 三、逾期利息计算： 2023.1.2-2023.3.1（共59天），约定逾期利率20%超过LPR4倍，按14.8%计算：86166.67元×14.8%×59/365≈1984.23元。 法律依据：《最高人民法院关于审理民间借贷案件适用法律若干问题的规定》第二十八条第一款（逾期利率上限）。 综上，甲尚欠本金86166.67元、借期内利息7347.56元、逾期利息1984.23元。
                
                参考信息：
                民间借贷纠纷案件中利息计算与法律适用练习
                
                评估维度：
                None
                
                请按以下格式输出：
                总分(1-10分)|各项得分详情|优点|改进建议
                
2026-03-24 15:14:47,018 - shanlian_ai - INFO - AI评估返回 - 原始响应: 9分|各项得分详情：本金计算与冲抵规则适用10分、借期内利息计算10分、逾期利息计算9分、法律依据适用10分|优点：1. 整体计算逻辑清晰，按借期内前半段、借期内后半段、逾期阶段分层计算，结构严谨，结论明确；2. 严格遵循法定规则，本金冲抵采用《民法典》规定的先息后本顺序，利率调整完全符合民间借贷司法保护上限（LPR4倍）的要求，法律适用准确无误；3. 各阶段的期限、基数选取精准，计算结果误差极小，符合利息计算的专业标准；4. 每部分计算均对应标注法律依据，体现了对法律条文的准确把握与规范适用。|改进建议：1. 补充合同成立时的LPR具体数值（如2022年1月一年期LPR为3.7%，4倍即14.8%），明确利率上限的计算依据，增强论证的透明度；2. 补充逾期利息计算中天数的明细（如2023.1.2-1.31共30天、2.1-2.28共28天、3.1共1天，合计59天），避免天数计算的歧义；3. 可在开头简要列明案件基础事实（如初始借款本金、借期、约定利率、还款时间及金额等），使整个利息计算的前提更完整清晰。
2026-03-11 15:24:11,678 - shanlian_ai - ERROR - 参数生成内容生成出错: '\n  "scene"'
2026-03-11 15:24:11,686 - shanlian_ai - ERROR - 原子技能生成内容生成出错: '\n            "name"'
2026-03-11 15:24:11,689 - shanlian_ai - INFO - 新增自定义技能成功：尊老爱幼
2026-03-11 15:24:11,689 - shanlian_ai - INFO - 自定义技能创建成功: 尊老爱幼
2026-03-11 15:26:52,177 - shanlian_ai - ERROR - 参数生成内容生成出错: '\n  "scene"'
2026-03-11 15:26:52,180 - shanlian_ai - ERROR - 原子技能生成内容生成出错: '\n            "name"'
2026-03-11 15:26:52,184 - shanlian_ai - INFO - 新增自定义技能成功：克服恐惧
2026-03-11 15:26:52,184 - shanlian_ai - INFO - 自定义技能创建成功: 克服恐惧
2026-03-11 15:30:06,595 - shanlian_ai - ERROR - 参数生成内容生成出错: '\n  "scene"'
2026-03-11 15:30:06,597 - shanlian_ai - ERROR - 原子技能生成内容生成出错: '\n            "name"'
2026-03-11 15:30:06,623 - shanlian_ai - INFO - 新增自定义技能成功：春节抢票
2026-03-11 15:30:06,623 - shanlian_ai - INFO - 自定义技能创建成功: 春节抢票
2026-03-12 13:04:29,567 - shanlian_ai - ERROR - 参数生成内容生成出错: '\n  "scene"'
2026-03-12 13:04:29,568 - shanlian_ai - INFO - 正在查找与'该技能支持在线查询地铁线路、选择上下车站点，快速完成地铁票的选购与支付，省去线下排队流程，为日常通勤、短途出行提供便捷的购票服务。'相似的原子技能...
2026-03-12 13:04:29,570 - shanlian_ai - INFO - 未找到相似原子技能，尝试AI生成新原子技能...
2026-03-12 13:04:29,570 - shanlian_ai - INFO - 请求AI生成原子技能，描述: 该技能支持在线查询地铁线路、选择上下车站点，快速完成地铁票的选购与支付，省去线下排队流程，为日常通勤、短途出行提供便捷的购票服务。
2026-03-12 13:04:29,570 - shanlian_ai - ERROR - 原子技能生成内容生成出错: '\n                "name"'
2026-03-12 13:04:29,570 - shanlian_ai - INFO - AI响应: None
2026-03-12 13:04:29,570 - shanlian_ai - INFO - AI生成失败，尝试基于技能描述'该技能支持在线查询地铁线路、选择上下车站点，快速完成地铁票的选购与支付，省去线下排队流程，为日常通勤、短途出行提供便捷的购票服务。'匹配现有原子技能
2026-03-12 13:04:29,570 - shanlian_ai - INFO - 所有方法都失败，返回通用原子技能
2026-03-12 13:04:29,592 - shanlian_ai - INFO - 新增自定义技能成功：购买地铁票
2026-03-12 13:04:29,592 - shanlian_ai - INFO - 自定义技能创建成功: 购买地铁票
2026-03-12 13:13:31,654 - shanlian_ai - ERROR - 参数生成内容生成出错: '\n  "scene"'
2026-03-12 13:13:31,656 - shanlian_ai - INFO - 正在将技能'研究学术论文'分解为原子技能...
2026-03-12 13:13:31,656 - shanlian_ai - ERROR - 技能分解内容生成出错: '\n            "name"'
2026-03-12 13:13:31,656 - shanlian_ai - WARNING - AI分解技能失败，AI返回空响应
2026-03-12 13:13:31,657 - shanlian_ai - INFO - 尝试基于技能名称生成原子技能...
2026-03-12 13:13:31,659 - shanlian_ai - INFO - 新增原子技能成功：研究学术论文基础
2026-03-12 13:13:31,662 - shanlian_ai - INFO - 新增原子技能成功：研究学术论文进阶
2026-03-12 13:13:31,665 - shanlian_ai - INFO - 新增原子技能成功：研究学术论文实践
2026-03-12 13:13:31,665 - shanlian_ai - INFO - 基于技能名称生成的原子技能IDs: ['as_006', 'as_007', 'as_008']
2026-03-12 13:13:31,668 - shanlian_ai - INFO - 新增自定义技能成功：研究学术论文
2026-03-12 13:13:31,668 - shanlian_ai - INFO - 自定义技能创建成功: 研究学术论文
2026-03-28 18:12:05,737 - shanlian_ai - WARNING - 自定义prompt生成的内容不是有效的JSON：{
    "title": "实现LRU缓存机制并分析算法复杂度",
    "description": "背景：LRU（最近最少使用）缓存是一种常用的缓存淘汰策略，当缓存容量达到上限时，会自动移除最近最少使用的缓存项，以保证缓存的高效利用。在软件工程师的日常工作中，LRU缓存的实现是常见的算法应用场景。\n练习目标：考察你对数据结构的综合运用能力以及算法时间/空间复杂度的分析能力。\n要求：请实现一个LRU缓存类，支持以下两种操作：\n1. get(key)：如果键key存在于缓存中，则返回对应的值；否则返回-1。\n2. put(key, value)：如果键key已经存在，则更新对应的值；如果不存在，则将该键值对存入缓存。当缓存容量达到预设的最大值时，在添加新项之前，必须移除最近最少使用的项。\n额外要求：get和put操作的平均时间复杂度需达到O(1)。",
    "hint": "可以采用哈希表（字典）结合双向链表的方式实现：哈希表用于快速定位缓存项的位置（O(1)查找），双向链表用于维护缓存项的访问顺序（O(1)时间完成节点的添加、删除和移动操作）。通常将双向链表的头部设为最近使用的节点，尾部设为最近最少使用的节点，当访问或更新节点时，将其移动到头部；当需要淘汰节点时，移除尾部节点即可。",
    "example_answer": "以下是基于Python的LRU缓存实现，提供两种方案：\n方案一：利用Python内置OrderedDict（内部已封装哈希表+双向链表结构）\n```python\nfrom collections import OrderedDict\n\nclass LRUCache:\n    def __init__(self, capacity: int):\n        self.capacity = capacity\n        self.cache = OrderedDict()\n\n    def get(self, key: int) -> int:\n        if key not in self.cache:\n            return -1\n        # 将访问的键移动到末尾，表示最近使用\n        self.cache.move_to_end(key)\n        return self.cache[key]\n\n    def put(self, key: int, value: int) -> None:\n        if key in self.cache:\n            # 更新值并移动到末尾\n            self.cache[key] = value\n            self.cache.move_to_end(key)\n        else:\n            if len(self.cache) >= self.capacity:\n                # 弹出第一个元素（最近最少使用的）\n                self.cache.popitem(last=False)\n            self.cache[key] = value\n            self.cache.move_to_end(key)\n\n# 复杂度分析：\n# 时间复杂度：get和put操作均为O(1)，OrderedDict的查找、插入、删除和移动操作平均时间复杂度为O(1)\n# 空间复杂度：O(capacity)，最多存储capacity个缓存项\n```\n方案二：手动实现双向链表+哈希表，不依赖内置高阶数据结构\n```python\nclass ListNode:\n    def __init__(self, key=0, value=0):\n        self.key = key\n        self.value = value\n        self.prev = None\n        self.next = None\n\nclass LRUCache:\n    def __init__(self, capacity: int):\n        self.capacity = capacity\n        self.cache = dict()\n        # 哑头和哑尾节点，简化链表边界操作\n        self.head = ListNode()\n        self.tail = ListNode()\n        self.head.ne
2026-03-28 18:14:50,539 - shanlian_ai - WARNING - 自定义prompt生成的内容不是有效的JSON：{
    "title": "实现LRU缓存淘汰算法",
    "description": "背景：LRU（Least Recently Used，最近最少使用）是一种常用的缓存淘汰策略，广泛应用于各类系统中以优化数据访问性能。当缓存容量达到上限时，会自动淘汰掉最近最少被访问的数据。\n练习目标：实现一个符合LRU策略的缓存类，支持以下核心操作，且每个操作的时间复杂度需为O(1)：\n1. 初始化：创建一个指定容量的LRU缓存实例；\n2. get(key)：根据给定的key获取对应的值，若key不存在于缓存中则返回-1；获取成功后，需将该key标记为最近使用的状态；\n3. put(key, value)：将指定的键值对存入缓存。若key已存在，则更新对应的值，并将其标记为最近使用的状态；若key不存在且缓存已达到最大容量，则先淘汰最近最少使用的键值对，再存入新的键值对，同时标记为最近使用。\n要求：需确保所有操作的时间复杂度为O(1)，且正确处理边界情况（如容量为0、重复键、频繁访问同一键等）。",
    "hint": "可以采用「哈希表（字典）+ 双向链表」的组合结构：哈希表用于快速定位键对应的节点（O(1)查找），双向链表用于维护数据的访问顺序（O(1)时间内调整节点位置、添加/删除节点）。可使用哨兵节点（头尾虚拟节点）来简化链表的边界操作，避免处理空指针的情况。",
    "example_answer": "以下是基于Python手动实现双向链表+哈希表的LRU缓存：\n```python\nclass ListNode:\n    def __init__(self, key=0, value=0):\n        self.key = key\n        self.value = value\n        self.prev = None\n        self.next = None\n\nclass LRUCache:\n    def __init__(self, capacity: int):\n        self.capacity = capacity\n        self.size = 0\n        self.cache = dict()  # key: 节点引用\n        # 哨兵节点，简化边界操作\n        self.head = ListNode()\n        self.tail = ListNode()\n        self.head.next = self.tail\n        self.tail.prev = self.head\n\n    def _move_to_head(self, node):\n        # 将节点移到头部（最近使用位置）\n        self._remove_node(node)\n        self._add_to_head(node)\n\n    def _remove_node(self, node):\n        # 移除指定节点\n        node.prev.next = node.next\n        node.next.prev = node.prev\n\n    def _add_to_head(self, node):\n        # 将节点添加到头部\n        node.prev = self.head\n        node.next = self.head.next\n        self.head.next.prev = node\n        self.head.next = node\n\n    def _pop_tail(self):\n        # 移除尾部节点（最近最少使用）\n        node = self.tail.prev\n        self._remove_node(node)\n        return node\n\n    def get(self, key: int) -> int:\n        if key not in self.cache:\n            return -1\n        node = self.cache[key]\n        self._move_to_head(node)\n        return node.value\n\n    def put(self, key: int, value: int) -> None:\n        if key in self
2026-03-28 18:15:27,715 - shanlian_ai - INFO - API 接收 - 技能 ID: skill_speech
2026-03-28 18:15:27,716 - shanlian_ai - INFO - API 接收 - 待评估内容：好好学习
2026-03-28 18:15:27,717 - shanlian_ai - INFO - API 接收 - 参考信息：3分钟职场汇报：向领导同步项目关键进展
2026-03-28 18:15:27,717 - shanlian_ai - INFO - API 接收 - 参数：{}
2026-03-28 18:15:27,718 - shanlian_ai - INFO - 技能库管理器 - 技能ID: skill_speech
2026-03-28 18:15:27,719 - shanlian_ai - INFO - 技能库管理器 - 技能名称: 演讲技能练习
2026-03-28 18:15:27,719 - shanlian_ai - INFO - 技能库管理器 - 待评估内容: 好好学习
2026-03-28 18:15:27,720 - shanlian_ai - INFO - 技能库管理器 - 参考信息: 3分钟职场汇报：向领导同步项目关键进展
2026-03-28 18:15:27,721 - shanlian_ai - INFO - AI评估接收 - 技能名称: 演讲技能练习
2026-03-28 18:15:27,722 - shanlian_ai - INFO - AI评估接收 - 待评估内容: 好好学习
2026-03-28 18:15:27,723 - shanlian_ai - INFO - AI评估接收 - 参考信息: 3分钟职场汇报：向领导同步项目关键进展
2026-03-28 18:15:27,725 - shanlian_ai - INFO - AI评估 - 技能类型: 演讲
2026-03-28 18:15:27,726 - shanlian_ai - INFO - AI评估 - 使用多智能体评估
2026-03-28 18:15:27,728 - shanlian_ai - INFO - AI评估 - 智能体: 演讲内容专家
2026-03-28 18:15:27,728 - shanlian_ai - INFO - AI评估 - 提示词: 
            你是演讲内容专家，评价用户演讲内容（1-10分）：
            待评估内容：好好学习
            参考信息：3分钟职场汇报：向领导同步项目关键进展
            要求：仅输出「评分（1-10分）|优点|改进点」，各部分用|分隔，优点/改进点简洁（各1-2句话）
            
2026-03-28 18:15:39,545 - shanlian_ai - INFO - AI评估 - 智能体响应: 演讲内容专家 - 1分|无符合职场汇报场景的有效表述|需聚焦项目关键进展，补充项目状态、成果等核心信息，按3分钟汇报逻辑组织内容
2026-03-28 18:15:39,546 - shanlian_ai - INFO - AI评估 - 智能体: 表达流畅度专家
2026-03-28 18:15:39,547 - shanlian_ai - INFO - AI评估 - 提示词: 
            你是表达流畅度专家，评价用户演讲内容（1-10分）：
            待评估内容：好好学习
            参考信息：3分钟职场汇报：向领导同步项目关键进展
            要求：仅输出「评分（1-10分）|优点|改进点」，各部分用|分隔，优点/改进点简洁（各1-2句话）
            
2026-03-28 18:15:48,322 - shanlian_ai - INFO - AI评估 - 智能体响应: 表达流畅度专家 - 1分|无契合职场汇报场景的有效表达内容|需紧扣项目关键进展主题，梳理核心信息完成3分钟职场汇报
2026-03-28 18:15:48,323 - shanlian_ai - INFO - AI评估 - 智能体: 结构逻辑专家
2026-03-28 18:15:48,323 - shanlian_ai - INFO - AI评估 - 提示词: 
            你是演讲结构专家，评价用户演讲内容（1-10分）：
            待评估内容：好好学习
            参考信息：3分钟职场汇报：向领导同步项目关键进展
            要求：仅输出「评分（1-10分）|优点|改进点」，各部分用|分隔，优点/改进点简洁（各1-2句话）
            
2026-03-28 18:15:54,248 - shanlian_ai - INFO - AI评估 - 智能体响应: 结构逻辑专家 - 1分|无契合职场项目汇报场景的有效内容|需围绕项目关键进展构建汇报框架，补充进度、成果等具体信息
2026-03-28 19:10:24,885 - shanlian_ai - INFO - API 接收 - 技能 ID: skill_speech
2026-03-28 19:10:24,885 - shanlian_ai - INFO - API 接收 - 待评估内容：“各位领导同事，我同步下XX项目当前进展：核心目标已达成80%，但需协调资源解决两个关键卡点，确保月底上线。”
一、核心成果：用数据锚定价值（60秒）
1. 里程碑交付
提前2天完成用户增长模块开发，DAU提升15%（原目标10%）；
客户反馈系统上线后，投诉处理时效缩短至2小时（行业平均24小时）。
2. 资源高效利用
通过复用A/B测试框架，节省20人日开发成本；
跨部门协作流程跑通，市场部已启动首批种子用户招募。
✅ 技巧：用对比数据（超目标/行业基准）和量化结果替代过程描述。
二、关键问题：聚焦影响+责任归属（45秒）
1. 技术风险
第三方支付接口稳定性不足（近3天故障率5%），可能影响上线后交易成功率；
责任方：需技术部协助评估备用方案。
2. 资源缺口
用户运营需增加2名地推人员覆盖华东区域，当前人力仅满足基础需求；
责任方：申请HR本周内启动紧急招聘。
✅ 技巧：每个问题包含现象+后果+明确求助对象，避免模糊抱怨。
三、下一步计划：绑定时间节点与责任人（60秒）
1. 风险应对（3天内）
周三前：技术部输出支付接口备选方案 → 我跟进决策；
周五前：完成压力测试报告 → @张工负责。
2. 资源落地（1周内）
周二：向HR提交地推岗位JD → 我协调审批；
下周一：启动新人培训 → @李经理主导。
3. 整体节奏
3月25日：全量上线 → 全员冲刺。
✅ 技巧：用具体日期+人名/角色替代“尽快”“相关人员”等模糊表述。
【收尾强化】（15秒）
“总结：成果达标，风险可控，需支持两点——支付方案周三定稿、地推人力下周到位。以上，谢谢！”
2026-03-28 19:10:24,887 - shanlian_ai - INFO - API 接收 - 参考信息：3分钟职场汇报：清晰同步项目关键进展
2026-03-28 19:10:24,887 - shanlian_ai - INFO - API 接收 - 参数：{}
2026-03-28 19:10:24,888 - shanlian_ai - INFO - 技能库管理器 - 技能ID: skill_speech
2026-03-28 19:10:24,888 - shanlian_ai - INFO - 技能库管理器 - 技能名称: 演讲技能练习
2026-03-28 19:10:24,888 - shanlian_ai - INFO - 技能库管理器 - 待评估内容: “各位领导同事，我同步下XX项目当前进展：核心目标已达成80%，但需协调资源解决两个关键卡点，确保月底上线。”
一、核心成果：用数据锚定价值（60秒）
1. 里程碑交付
提前2天完成用户增长模块开发，DAU提升15%（原目标10%）；
客户反馈系统上线后，投诉处理时效缩短至2小时（行业平均24小时）。
2. 资源高效利用
通过复用A/B测试框架，节省20人日开发成本；
跨部门协作流程跑通，市场部已启动首批种子用户招募。
✅ 技巧：用对比数据（超目标/行业基准）和量化结果替代过程描述。
二、关键问题：聚焦影响+责任归属（45秒）
1. 技术风险
第三方支付接口稳定性不足（近3天故障率5%），可能影响上线后交易成功率；
责任方：需技术部协助评估备用方案。
2. 资源缺口
用户运营需增加2名地推人员覆盖华东区域，当前人力仅满足基础需求；
责任方：申请HR本周内启动紧急招聘。
✅ 技巧：每个问题包含现象+后果+明确求助对象，避免模糊抱怨。
三、下一步计划：绑定时间节点与责任人（60秒）
1. 风险应对（3天内）
周三前：技术部输出支付接口备选方案 → 我跟进决策；
周五前：完成压力测试报告 → @张工负责。
2. 资源落地（1周内）
周二：向HR提交地推岗位JD → 我协调审批；
下周一：启动新人培训 → @李经理主导。
3. 整体节奏
3月25日：全量上线 → 全员冲刺。
✅ 技巧：用具体日期+人名/角色替代“尽快”“相关人员”等模糊表述。
【收尾强化】（15秒）
“总结：成果达标，风险可控，需支持两点——支付方案周三定稿、地推人力下周到位。以上，谢谢！”
2026-03-28 19:10:24,888 - shanlian_ai - INFO - 技能库管理器 - 参考信息: 3分钟职场汇报：清晰同步项目关键进展
2026-03-28 19:10:24,888 - shanlian_ai - INFO - AI评估接收 - 技能名称: 演讲技能练习
2026-03-28 19:10:24,890 - shanlian_ai - INFO - AI评估接收 - 待评估内容: “各位领导同事，我同步下XX项目当前进展：核心目标已达成80%，但需协调资源解决两个关键卡点，确保月底上线。”
一、核心成果：用数据锚定价值（60秒）
1. 里程碑交付
提前2天完成用户增长模块开发，DAU提升15%（原目标10%）；
客户反馈系统上线后，投诉处理时效缩短至2小时（行业平均24小时）。
2. 资源高效利用
通过复用A/B测试框架，节省20人日开发成本；
跨部门协作流程跑通，市场部已启动首批种子用户招募。
✅ 技巧：用对比数据（超目标/行业基准）和量化结果替代过程描述。
二、关键问题：聚焦影响+责任归属（45秒）
1. 技术风险
第三方支付接口稳定性不足（近3天故障率5%），可能影响上线后交易成功率；
责任方：需技术部协助评估备用方案。
2. 资源缺口
用户运营需增加2名地推人员覆盖华东区域，当前人力仅满足基础需求；
责任方：申请HR本周内启动紧急招聘。
✅ 技巧：每个问题包含现象+后果+明确求助对象，避免模糊抱怨。
三、下一步计划：绑定时间节点与责任人（60秒）
1. 风险应对（3天内）
周三前：技术部输出支付接口备选方案 → 我跟进决策；
周五前：完成压力测试报告 → @张工负责。
2. 资源落地（1周内）
周二：向HR提交地推岗位JD → 我协调审批；
下周一：启动新人培训 → @李经理主导。
3. 整体节奏
3月25日：全量上线 → 全员冲刺。
✅ 技巧：用具体日期+人名/角色替代“尽快”“相关人员”等模糊表述。
【收尾强化】（15秒）
“总结：成果达标，风险可控，需支持两点——支付方案周三定稿、地推人力下周到位。以上，谢谢！”
2026-03-28 19:10:24,890 - shanlian_ai - INFO - AI评估接收 - 参考信息: 3分钟职场汇报：清晰同步项目关键进展
2026-03-28 19:10:24,891 - shanlian_ai - INFO - AI评估 - 技能类型: 演讲
2026-03-28 19:10:24,891 - shanlian_ai - INFO - AI评估 - 使用多智能体评估
2026-03-28 19:10:24,892 - shanlian_ai - INFO - AI评估 - 智能体: 演讲内容专家
2026-03-28 19:10:24,892 - shanlian_ai - INFO - AI评估 - 提示词: 
            你是演讲内容专家，评价用户演讲内容（1-10分）：
            待评估内容：“各位领导同事，我同步下XX项目当前进展：核心目标已达成80%，但需协调资源解决两个关键卡点，确保月底上线。”
一、核心成果：用数据锚定价值（60秒）
1. 里程碑交付
提前2天完成用户增长模块开发，DAU提升15%（原目标10%）；
客户反馈系统上线后，投诉处理时效缩短至2小时（行业平均24小时）。
2. 资源高效利用
通过复用A/B测试框架，节省20人日开发成本；
跨部门协作流程跑通，市场部已启动首批种子用户招募。
✅ 技巧：用对比数据（超目标/行业基准）和量化结果替代过程描述。
二、关键问题：聚焦影响+责任归属（45秒）
1. 技术风险
第三方支付接口稳定性不足（近3天故障率5%），可能影响上线后交易成功率；
责任方：需技术部协助评估备用方案。
2. 资源缺口
用户运营需增加2名地推人员覆盖华东区域，当前人力仅满足基础需求；
责任方：申请HR本周内启动紧急招聘。
✅ 技巧：每个问题包含现象+后果+明确求助对象，避免模糊抱怨。
三、下一步计划：绑定时间节点与责任人（60秒）
1. 风险应对（3天内）
周三前：技术部输出支付接口备选方案 → 我跟进决策；
周五前：完成压力测试报告 → @张工负责。
2. 资源落地（1周内）
周二：向HR提交地推岗位JD → 我协调审批；
下周一：启动新人培训 → @李经理主导。
3. 整体节奏
3月25日：全量上线 → 全员冲刺。
✅ 技巧：用具体日期+人名/角色替代“尽快”“相关人员”等模糊表述。
【收尾强化】（15秒）
“总结：成果达标，风险可控，需支持两点——支付方案周三定稿、地推人力下周到位。以上，谢谢！”
            参考信息：3分钟职场汇报：清晰同步项目关键进展
            要求：仅输出「评分（1-10分）|优点|改进点」，各部分用|分隔，优点/改进点简洁（各1-2句话）
            
2026-03-28 19:10:38,258 - shanlian_ai - INFO - AI评估 - 智能体响应: 演讲内容专家 - 9分|结构完整贴合3分钟职场汇报框架，内容全量化呈现，问题明确影响与责任归属，计划绑定时间节点与责任人，收尾精准强化重点|核心成果可补充与项目整体核心目标（达成80%）的关联，进一步强化成果对项目的支撑性
2026-03-28 19:10:38,259 - shanlian_ai - INFO - AI评估 - 智能体: 表达流畅度专家
2026-03-28 19:10:38,259 - shanlian_ai - INFO - AI评估 - 提示词: 
            你是表达流畅度专家，评价用户演讲内容（1-10分）：
            待评估内容：“各位领导同事，我同步下XX项目当前进展：核心目标已达成80%，但需协调资源解决两个关键卡点，确保月底上线。”
一、核心成果：用数据锚定价值（60秒）
1. 里程碑交付
提前2天完成用户增长模块开发，DAU提升15%（原目标10%）；
客户反馈系统上线后，投诉处理时效缩短至2小时（行业平均24小时）。
2. 资源高效利用
通过复用A/B测试框架，节省20人日开发成本；
跨部门协作流程跑通，市场部已启动首批种子用户招募。
✅ 技巧：用对比数据（超目标/行业基准）和量化结果替代过程描述。
二、关键问题：聚焦影响+责任归属（45秒）
1. 技术风险
第三方支付接口稳定性不足（近3天故障率5%），可能影响上线后交易成功率；
责任方：需技术部协助评估备用方案。
2. 资源缺口
用户运营需增加2名地推人员覆盖华东区域，当前人力仅满足基础需求；
责任方：申请HR本周内启动紧急招聘。
✅ 技巧：每个问题包含现象+后果+明确求助对象，避免模糊抱怨。
三、下一步计划：绑定时间节点与责任人（60秒）
1. 风险应对（3天内）
周三前：技术部输出支付接口备选方案 → 我跟进决策；
周五前：完成压力测试报告 → @张工负责。
2. 资源落地（1周内）
周二：向HR提交地推岗位JD → 我协调审批；
下周一：启动新人培训 → @李经理主导。
3. 整体节奏
3月25日：全量上线 → 全员冲刺。
✅ 技巧：用具体日期+人名/角色替代“尽快”“相关人员”等模糊表述。
【收尾强化】（15秒）
“总结：成果达标，风险可控，需支持两点——支付方案周三定稿、地推人力下周到位。以上，谢谢！”
            参考信息：3分钟职场汇报：清晰同步项目关键进展
            要求：仅输出「评分（1-10分）|优点|改进点」，各部分用|分隔，优点/改进点简洁（各1-2句话）
            
2026-03-28 19:10:49,052 - shanlian_ai - INFO - AI评估 - 智能体响应: 表达流畅度专家 - 9分|优点：汇报逻辑清晰，采用成果-问题-计划-收尾的结构化框架，全用量化数据、明确时间与责任人，信息传递精准高效。|改进点：可补充核心成果子模块对项目80%核心目标的具体贡献占比，强化成果与整体目标的关联。
2026-03-28 19:10:49,052 - shanlian_ai - INFO - AI评估 - 智能体: 结构逻辑专家
2026-03-28 19:10:49,052 - shanlian_ai - INFO - AI评估 - 提示词: 
            你是演讲结构专家，评价用户演讲内容（1-10分）：
            待评估内容：“各位领导同事，我同步下XX项目当前进展：核心目标已达成80%，但需协调资源解决两个关键卡点，确保月底上线。”
一、核心成果：用数据锚定价值（60秒）
1. 里程碑交付
提前2天完成用户增长模块开发，DAU提升15%（原目标10%）；
客户反馈系统上线后，投诉处理时效缩短至2小时（行业平均24小时）。
2. 资源高效利用
通过复用A/B测试框架，节省20人日开发成本；
跨部门协作流程跑通，市场部已启动首批种子用户招募。
✅ 技巧：用对比数据（超目标/行业基准）和量化结果替代过程描述。
二、关键问题：聚焦影响+责任归属（45秒）
1. 技术风险
第三方支付接口稳定性不足（近3天故障率5%），可能影响上线后交易成功率；
责任方：需技术部协助评估备用方案。
2. 资源缺口
用户运营需增加2名地推人员覆盖华东区域，当前人力仅满足基础需求；
责任方：申请HR本周内启动紧急招聘。
✅ 技巧：每个问题包含现象+后果+明确求助对象，避免模糊抱怨。
三、下一步计划：绑定时间节点与责任人（60秒）
1. 风险应对（3天内）
周三前：技术部输出支付接口备选方案 → 我跟进决策；
周五前：完成压力测试报告 → @张工负责。
2. 资源落地（1周内）
周二：向HR提交地推岗位JD → 我协调审批；
下周一：启动新人培训 → @李经理主导。
3. 整体节奏
3月25日：全量上线 → 全员冲刺。
✅ 技巧：用具体日期+人名/角色替代“尽快”“相关人员”等模糊表述。
【收尾强化】（15秒）
“总结：成果达标，风险可控，需支持两点——支付方案周三定稿、地推人力下周到位。以上，谢谢！”
            参考信息：3分钟职场汇报：清晰同步项目关键进展
            要求：仅输出「评分（1-10分）|优点|改进点」，各部分用|分隔，优点/改进点简洁（各1-2句话）
            
2026-03-28 19:11:00,988 - shanlian_ai - INFO - AI评估 - 智能体响应: 结构逻辑专家 - 9分|结构逻辑闭环，成果量化有对比，问题与计划均明确责任人和时间节点，高效传递关键信息|可补充核心成果与项目月底上线目标的关联，强化成果价值的针对性。
2026-03-28 19:19:07,152 - shanlian_ai - INFO - API 接收 - 技能 ID: skill_speech
2026-03-28 19:19:07,152 - shanlian_ai - INFO - API 接收 - 待评估内容：“各位领导同事，我同步下XX项目当前进展：核心目标已达成80%，但需协调资源解决两个关键卡点，确保月底上线。”
一、核心成果：用数据锚定价值（60秒）
1. 里程碑交付
提前2天完成用户增长模块开发，DAU提升15%（原目标10%）；
客户反馈系统上线后，投诉处理时效缩短至2小时（行业平均24小时）。
2. 资源高效利用
通过复用A/B测试框架，节省20人日开发成本；
跨部门协作流程跑通，市场部已启动首批种子用户招募。
✅ 技巧：用对比数据（超目标/行业基准）和量化结果替代过程描述。
二、关键问题：聚焦影响+责任归属（45秒）
1. 技术风险
第三方支付接口稳定性不足（近3天故障率5%），可能影响上线后交易成功率；
责任方：需技术部协助评估备用方案。
2. 资源缺口
用户运营需增加2名地推人员覆盖华东区域，当前人力仅满足基础需求；
责任方：申请HR本周内启动紧急招聘。
✅ 技巧：每个问题包含现象+后果+明确求助对象，避免模糊抱怨。
三、下一步计划：绑定时间节点与责任人（60秒）
1. 风险应对（3天内）
周三前：技术部输出支付接口备选方案 → 我跟进决策；
周五前：完成压力测试报告 → @张工负责。
2. 资源落地（1周内）
周二：向HR提交地推岗位JD → 我协调审批；
下周一：启动新人培训 → @李经理主导。
3. 整体节奏
3月25日：全量上线 → 全员冲刺。
✅ 技巧：用具体日期+人名/角色替代“尽快”“相关人员”等模糊表述。
【收尾强化】（15秒）
“总结：成果达标，风险可控，需支持两点——支付方案周三定稿、地推人力下周到位。以上，谢谢！”
2026-03-28 19:19:07,152 - shanlian_ai - INFO - API 接收 - 参考信息：周会3分钟高效汇报工作亮点
2026-03-28 19:19:07,153 - shanlian_ai - INFO - API 接收 - 参数：{}
2026-03-28 19:19:07,155 - shanlian_ai - INFO - 技能库管理器 - 技能ID: skill_speech
2026-03-28 19:19:07,155 - shanlian_ai - INFO - 技能库管理器 - 技能名称: 演讲技能练习
2026-03-28 19:19:07,155 - shanlian_ai - INFO - 技能库管理器 - 待评估内容: “各位领导同事，我同步下XX项目当前进展：核心目标已达成80%，但需协调资源解决两个关键卡点，确保月底上线。”
一、核心成果：用数据锚定价值（60秒）
1. 里程碑交付
提前2天完成用户增长模块开发，DAU提升15%（原目标10%）；
客户反馈系统上线后，投诉处理时效缩短至2小时（行业平均24小时）。
2. 资源高效利用
通过复用A/B测试框架，节省20人日开发成本；
跨部门协作流程跑通，市场部已启动首批种子用户招募。
✅ 技巧：用对比数据（超目标/行业基准）和量化结果替代过程描述。
二、关键问题：聚焦影响+责任归属（45秒）
1. 技术风险
第三方支付接口稳定性不足（近3天故障率5%），可能影响上线后交易成功率；
责任方：需技术部协助评估备用方案。
2. 资源缺口
用户运营需增加2名地推人员覆盖华东区域，当前人力仅满足基础需求；
责任方：申请HR本周内启动紧急招聘。
✅ 技巧：每个问题包含现象+后果+明确求助对象，避免模糊抱怨。
三、下一步计划：绑定时间节点与责任人（60秒）
1. 风险应对（3天内）
周三前：技术部输出支付接口备选方案 → 我跟进决策；
周五前：完成压力测试报告 → @张工负责。
2. 资源落地（1周内）
周二：向HR提交地推岗位JD → 我协调审批；
下周一：启动新人培训 → @李经理主导。
3. 整体节奏
3月25日：全量上线 → 全员冲刺。
✅ 技巧：用具体日期+人名/角色替代“尽快”“相关人员”等模糊表述。
【收尾强化】（15秒）
“总结：成果达标，风险可控，需支持两点——支付方案周三定稿、地推人力下周到位。以上，谢谢！”
2026-03-28 19:19:07,156 - shanlian_ai - INFO - 技能库管理器 - 参考信息: 周会3分钟高效汇报工作亮点
2026-03-28 19:19:07,156 - shanlian_ai - INFO - AI评估接收 - 技能名称: 演讲技能练习
2026-03-28 19:19:07,156 - shanlian_ai - INFO - AI评估接收 - 待评估内容: “各位领导同事，我同步下XX项目当前进展：核心目标已达成80%，但需协调资源解决两个关键卡点，确保月底上线。”
一、核心成果：用数据锚定价值（60秒）
1. 里程碑交付
提前2天完成用户增长模块开发，DAU提升15%（原目标10%）；
客户反馈系统上线后，投诉处理时效缩短至2小时（行业平均24小时）。
2. 资源高效利用
通过复用A/B测试框架，节省20人日开发成本；
跨部门协作流程跑通，市场部已启动首批种子用户招募。
✅ 技巧：用对比数据（超目标/行业基准）和量化结果替代过程描述。
二、关键问题：聚焦影响+责任归属（45秒）
1. 技术风险
第三方支付接口稳定性不足（近3天故障率5%），可能影响上线后交易成功率；
责任方：需技术部协助评估备用方案。
2. 资源缺口
用户运营需增加2名地推人员覆盖华东区域，当前人力仅满足基础需求；
责任方：申请HR本周内启动紧急招聘。
✅ 技巧：每个问题包含现象+后果+明确求助对象，避免模糊抱怨。
三、下一步计划：绑定时间节点与责任人（60秒）
1. 风险应对（3天内）
周三前：技术部输出支付接口备选方案 → 我跟进决策；
周五前：完成压力测试报告 → @张工负责。
2. 资源落地（1周内）
周二：向HR提交地推岗位JD → 我协调审批；
下周一：启动新人培训 → @李经理主导。
3. 整体节奏
3月25日：全量上线 → 全员冲刺。
✅ 技巧：用具体日期+人名/角色替代“尽快”“相关人员”等模糊表述。
【收尾强化】（15秒）
“总结：成果达标，风险可控，需支持两点——支付方案周三定稿、地推人力下周到位。以上，谢谢！”
2026-03-28 19:19:07,158 - shanlian_ai - INFO - AI评估接收 - 参考信息: 周会3分钟高效汇报工作亮点
2026-03-28 19:19:07,158 - shanlian_ai - INFO - AI评估 - 技能类型: 演讲
2026-03-28 19:19:07,158 - shanlian_ai - INFO - AI评估 - 使用多智能体评估
2026-03-28 19:19:07,158 - shanlian_ai - INFO - AI评估 - 智能体: 演讲内容专家
2026-03-28 19:19:07,158 - shanlian_ai - INFO - AI评估 - 提示词: 
            你是演讲内容专家，评价用户演讲内容（1-10分）：
            待评估内容：“各位领导同事，我同步下XX项目当前进展：核心目标已达成80%，但需协调资源解决两个关键卡点，确保月底上线。”
一、核心成果：用数据锚定价值（60秒）
1. 里程碑交付
提前2天完成用户增长模块开发，DAU提升15%（原目标10%）；
客户反馈系统上线后，投诉处理时效缩短至2小时（行业平均24小时）。
2. 资源高效利用
通过复用A/B测试框架，节省20人日开发成本；
跨部门协作流程跑通，市场部已启动首批种子用户招募。
✅ 技巧：用对比数据（超目标/行业基准）和量化结果替代过程描述。
二、关键问题：聚焦影响+责任归属（45秒）
1. 技术风险
第三方支付接口稳定性不足（近3天故障率5%），可能影响上线后交易成功率；
责任方：需技术部协助评估备用方案。
2. 资源缺口
用户运营需增加2名地推人员覆盖华东区域，当前人力仅满足基础需求；
责任方：申请HR本周内启动紧急招聘。
✅ 技巧：每个问题包含现象+后果+明确求助对象，避免模糊抱怨。
三、下一步计划：绑定时间节点与责任人（60秒）
1. 风险应对（3天内）
周三前：技术部输出支付接口备选方案 → 我跟进决策；
周五前：完成压力测试报告 → @张工负责。
2. 资源落地（1周内）
周二：向HR提交地推岗位JD → 我协调审批；
下周一：启动新人培训 → @李经理主导。
3. 整体节奏
3月25日：全量上线 → 全员冲刺。
✅ 技巧：用具体日期+人名/角色替代“尽快”“相关人员”等模糊表述。
【收尾强化】（15秒）
“总结：成果达标，风险可控，需支持两点——支付方案周三定稿、地推人力下周到位。以上，谢谢！”
            参考信息：周会3分钟高效汇报工作亮点
            要求：仅输出「评分（1-10分）|优点|改进点」，各部分用|分隔，优点/改进点简洁（各1-2句话）
            
2026-03-28 19:19:21,682 - shanlian_ai - INFO - AI评估 - 智能体响应: 演讲内容专家 - 9分|优点：完全匹配周会3分钟高效汇报场景，结构逻辑清晰闭环，成果用量化数据对比凸显价值，问题明确影响与责任归属，计划绑定具体时间与责任人，收尾简洁强化核心诉求。|改进点：核心成果部分可明确关联XX项目主体，避免成果与汇报主题的关联性模糊，进一步聚焦项目本身。
2026-03-28 19:19:21,682 - shanlian_ai - INFO - AI评估 - 智能体: 表达流畅度专家
2026-03-28 19:19:21,682 - shanlian_ai - INFO - AI评估 - 提示词: 
            你是表达流畅度专家，评价用户演讲内容（1-10分）：
            待评估内容：“各位领导同事，我同步下XX项目当前进展：核心目标已达成80%，但需协调资源解决两个关键卡点，确保月底上线。”
一、核心成果：用数据锚定价值（60秒）
1. 里程碑交付
提前2天完成用户增长模块开发，DAU提升15%（原目标10%）；
客户反馈系统上线后，投诉处理时效缩短至2小时（行业平均24小时）。
2. 资源高效利用
通过复用A/B测试框架，节省20人日开发成本；
跨部门协作流程跑通，市场部已启动首批种子用户招募。
✅ 技巧：用对比数据（超目标/行业基准）和量化结果替代过程描述。
二、关键问题：聚焦影响+责任归属（45秒）
1. 技术风险
第三方支付接口稳定性不足（近3天故障率5%），可能影响上线后交易成功率；
责任方：需技术部协助评估备用方案。
2. 资源缺口
用户运营需增加2名地推人员覆盖华东区域，当前人力仅满足基础需求；
责任方：申请HR本周内启动紧急招聘。
✅ 技巧：每个问题包含现象+后果+明确求助对象，避免模糊抱怨。
三、下一步计划：绑定时间节点与责任人（60秒）
1. 风险应对（3天内）
周三前：技术部输出支付接口备选方案 → 我跟进决策；
周五前：完成压力测试报告 → @张工负责。
2. 资源落地（1周内）
周二：向HR提交地推岗位JD → 我协调审批；
下周一：启动新人培训 → @李经理主导。
3. 整体节奏
3月25日：全量上线 → 全员冲刺。
✅ 技巧：用具体日期+人名/角色替代“尽快”“相关人员”等模糊表述。
【收尾强化】（15秒）
“总结：成果达标，风险可控，需支持两点——支付方案周三定稿、地推人力下周到位。以上，谢谢！”
            参考信息：周会3分钟高效汇报工作亮点
            要求：仅输出「评分（1-10分）|优点|改进点」，各部分用|分隔，优点/改进点简洁（各1-2句话）
            
2026-03-28 19:19:39,710 - shanlian_ai - INFO - AI评估 - 智能体响应: 表达流畅度专家 - 10分|严格契合3分钟周会汇报时长，结构清晰逻辑严谨，全用量化数据、明确时间/责任人替代模糊表述，信息传递精准高效，收尾强化核心诉求，是职场高效汇报的优质范本|可补充各里程碑成果对项目整体80%目标的具体贡献占比，进一步凸显成果价值的关联性
2026-03-28 19:19:39,710 - shanlian_ai - INFO - AI评估 - 智能体: 结构逻辑专家
2026-03-28 19:19:39,712 - shanlian_ai - INFO - AI评估 - 提示词: 
            你是演讲结构专家，评价用户演讲内容（1-10分）：
            待评估内容：“各位领导同事，我同步下XX项目当前进展：核心目标已达成80%，但需协调资源解决两个关键卡点，确保月底上线。”
一、核心成果：用数据锚定价值（60秒）
1. 里程碑交付
提前2天完成用户增长模块开发，DAU提升15%（原目标10%）；
客户反馈系统上线后，投诉处理时效缩短至2小时（行业平均24小时）。
2. 资源高效利用
通过复用A/B测试框架，节省20人日开发成本；
跨部门协作流程跑通，市场部已启动首批种子用户招募。
✅ 技巧：用对比数据（超目标/行业基准）和量化结果替代过程描述。
二、关键问题：聚焦影响+责任归属（45秒）
1. 技术风险
第三方支付接口稳定性不足（近3天故障率5%），可能影响上线后交易成功率；
责任方：需技术部协助评估备用方案。
2. 资源缺口
用户运营需增加2名地推人员覆盖华东区域，当前人力仅满足基础需求；
责任方：申请HR本周内启动紧急招聘。
✅ 技巧：每个问题包含现象+后果+明确求助对象，避免模糊抱怨。
三、下一步计划：绑定时间节点与责任人（60秒）
1. 风险应对（3天内）
周三前：技术部输出支付接口备选方案 → 我跟进决策；
周五前：完成压力测试报告 → @张工负责。
2. 资源落地（1周内）
周二：向HR提交地推岗位JD → 我协调审批；
下周一：启动新人培训 → @李经理主导。
3. 整体节奏
3月25日：全量上线 → 全员冲刺。
✅ 技巧：用具体日期+人名/角色替代“尽快”“相关人员”等模糊表述。
【收尾强化】（15秒）
“总结：成果达标，风险可控，需支持两点——支付方案周三定稿、地推人力下周到位。以上，谢谢！”
            参考信息：周会3分钟高效汇报工作亮点
            要求：仅输出「评分（1-10分）|优点|改进点」，各部分用|分隔，优点/改进点简洁（各1-2句话）
            
2026-03-28 19:19:53,104 - shanlian_ai - INFO - AI评估 - 智能体响应: 结构逻辑专家 - 9分|严格匹配3分钟周会汇报节奏，结构闭环清晰，全链路用量化数据、明确权责替代模糊表述，信息传递精准高效|可在核心成果部分提炼1个最贴合周会重点的顶级亮点前置强化记忆，或补充问题解决后对上线目标的增益关联提升说服力
2026-03-28 19:33:53,356 - shanlian_ai - INFO - 技能库管理器 - 技能ID: skill_speech
2026-03-28 19:33:53,356 - shanlian_ai - INFO - 技能库管理器 - 技能名称: 演讲技能练习
2026-03-28 19:33:53,356 - shanlian_ai - INFO - 技能库管理器 - 待评估内容: “各位领导同事，我同步下XX项目当前进展：核心目标已达成80%，但需协调资源解决两个关键卡点，确保月底上线。”
一、核心成果：用数据锚定价值（60秒）
. 里程碑交付
提前2天完成用户增长模块开发，DAU提升15%（原目标10%）；
客户反馈系统上线后，投诉处理时效缩短至2小时（行业平均24小时）。
. 资源高效利用
通过复用A/B测试框架，节省20人日开发成本；
跨部门协作流程跑通，市场部已启动首批种子用户招募。
✅ 技巧：用对比数据（超目标/行业基准）和量化结果替代过程描述。
二、关键问题：聚焦影响+责任归属（45秒）
. 技术风险
第三方支付接口稳定性不足（近3天故障率5%），可能影响上线后交易成功率；
责任方：需技术部协助评估备用方案。
. 资源缺口
用户运营需增加2名地推人员覆盖华东区域，当前人力仅满足基础需求；
责任方：申请HR本周内启动紧急招聘。
✅ 技巧：每个问题包含现象+后果+明确求助对象，避免模糊抱怨。
三、下一步计划：绑定时间节点与责任人（60秒）
. 风险应对（3天内）
周三前：技术部输出支付接口备选方案 → 我跟进决策；
周五前：完成压力测试报告 → @张工负责。
. 资源落地（1周内）
周二：向HR提交地推岗位JD → 我协调审批；
下周一：启动新人培训 → @李经理主导。
. 整体节奏
月25日：全量上线 → 全员冲刺。
✅ 技巧：用具体日期+人名/角色替代“尽快”“相关人员”等模糊表述。
【收尾强化】（15秒）
“总结：成果达标，风险可控，需支持两点——支付方案周三定稿、地推人力下周到位。以上，谢谢！”
2026-03-28 19:33:53,358 - shanlian_ai - INFO - 技能库管理器 - 参考信息: 练习任务：
场景：社区业主线下小型分享会，向10-15位邻居做垃圾分类推广演讲
难度：入门级（1/5）
时长：资料准备1.5小时，正式演讲3-5分钟
关键词：本地2024版官方垃圾分类标准、可回收物精准品类、错误分类权威环保数据
任务内容：1. 通过本地城管局官网/官方公众号查找2024年最新垃圾分类官方文件，精准记录可回收物、厨余垃圾、有害垃圾、其他垃圾的分类边界，摘抄1-2组官方发布的错误分类造成的处理成本或环境污染数据；2. 围绕“为什么要按标准分类+具体分类方法”准备3-5分钟演讲稿，所有分类规则和数据必须严格对应官方资料，不得添加主观猜测内容；3. 完成演讲稿后对照官方文件逐句核查准确性，确保无分类错误、数据偏差；4. 进行半脱稿演讲并录屏，结束后再次核对录屏内容中的信息准确性，标记所有可能的误差点并修正。
2026-03-28 19:33:53,358 - shanlian_ai - INFO - AI评估接收 - 技能名称: 演讲技能练习
2026-03-28 19:33:53,358 - shanlian_ai - INFO - AI评估接收 - 待评估内容: “各位领导同事，我同步下XX项目当前进展：核心目标已达成80%，但需协调资源解决两个关键卡点，确保月底上线。”
一、核心成果：用数据锚定价值（60秒）
. 里程碑交付
提前2天完成用户增长模块开发，DAU提升15%（原目标10%）；
客户反馈系统上线后，投诉处理时效缩短至2小时（行业平均24小时）。
. 资源高效利用
通过复用A/B测试框架，节省20人日开发成本；
跨部门协作流程跑通，市场部已启动首批种子用户招募。
✅ 技巧：用对比数据（超目标/行业基准）和量化结果替代过程描述。
二、关键问题：聚焦影响+责任归属（45秒）
. 技术风险
第三方支付接口稳定性不足（近3天故障率5%），可能影响上线后交易成功率；
责任方：需技术部协助评估备用方案。
. 资源缺口
用户运营需增加2名地推人员覆盖华东区域，当前人力仅满足基础需求；
责任方：申请HR本周内启动紧急招聘。
✅ 技巧：每个问题包含现象+后果+明确求助对象，避免模糊抱怨。
三、下一步计划：绑定时间节点与责任人（60秒）
. 风险应对（3天内）
周三前：技术部输出支付接口备选方案 → 我跟进决策；
周五前：完成压力测试报告 → @张工负责。
. 资源落地（1周内）
周二：向HR提交地推岗位JD → 我协调审批；
下周一：启动新人培训 → @李经理主导。
. 整体节奏
月25日：全量上线 → 全员冲刺。
✅ 技巧：用具体日期+人名/角色替代“尽快”“相关人员”等模糊表述。
【收尾强化】（15秒）
“总结：成果达标，风险可控，需支持两点——支付方案周三定稿、地推人力下周到位。以上，谢谢！”
2026-03-28 19:33:53,360 - shanlian_ai - INFO - AI评估接收 - 参考信息: 练习任务：
场景：社区业主线下小型分享会，向10-15位邻居做垃圾分类推广演讲
难度：入门级（1/5）
时长：资料准备1.5小时，正式演讲3-5分钟
关键词：本地2024版官方垃圾分类标准、可回收物精准品类、错误分类权威环保数据
任务内容：1. 通过本地城管局官网/官方公众号查找2024年最新垃圾分类官方文件，精准记录可回收物、厨余垃圾、有害垃圾、其他垃圾的分类边界，摘抄1-2组官方发布的错误分类造成的处理成本或环境污染数据；2. 围绕“为什么要按标准分类+具体分类方法”准备3-5分钟演讲稿，所有分类规则和数据必须严格对应官方资料，不得添加主观猜测内容；3. 完成演讲稿后对照官方文件逐句核查准确性，确保无分类错误、数据偏差；4. 进行半脱稿演讲并录屏，结束后再次核对录屏内容中的信息准确性，标记所有可能的误差点并修正。
2026-03-28 19:33:53,360 - shanlian_ai - INFO - AI评估 - 技能类型: 演讲
2026-03-28 19:33:53,360 - shanlian_ai - INFO - AI评估 - 使用多智能体评估
2026-03-28 19:33:53,360 - shanlian_ai - INFO - AI评估 - 智能体: 演讲内容专家
2026-03-28 19:33:53,360 - shanlian_ai - INFO - AI评估 - 提示词: 
            你是演讲内容专家，评价用户演讲内容（1-10分）：
            待评估内容：“各位领导同事，我同步下XX项目当前进展：核心目标已达成80%，但需协调资源解决两个关键卡点，确保月底上线。”
一、核心成果：用数据锚定价值（60秒）
. 里程碑交付
提前2天完成用户增长模块开发，DAU提升15%（原目标10%）；
客户反馈系统上线后，投诉处理时效缩短至2小时（行业平均24小时）。
. 资源高效利用
通过复用A/B测试框架，节省20人日开发成本；
跨部门协作流程跑通，市场部已启动首批种子用户招募。
✅ 技巧：用对比数据（超目标/行业基准）和量化结果替代过程描述。
二、关键问题：聚焦影响+责任归属（45秒）
. 技术风险
第三方支付接口稳定性不足（近3天故障率5%），可能影响上线后交易成功率；
责任方：需技术部协助评估备用方案。
. 资源缺口
用户运营需增加2名地推人员覆盖华东区域，当前人力仅满足基础需求；
责任方：申请HR本周内启动紧急招聘。
✅ 技巧：每个问题包含现象+后果+明确求助对象，避免模糊抱怨。
三、下一步计划：绑定时间节点与责任人（60秒）
. 风险应对（3天内）
周三前：技术部输出支付接口备选方案 → 我跟进决策；
周五前：完成压力测试报告 → @张工负责。
. 资源落地（1周内）
周二：向HR提交地推岗位JD → 我协调审批；
下周一：启动新人培训 → @李经理主导。
. 整体节奏
月25日：全量上线 → 全员冲刺。
✅ 技巧：用具体日期+人名/角色替代“尽快”“相关人员”等模糊表述。
【收尾强化】（15秒）
“总结：成果达标，风险可控，需支持两点——支付方案周三定稿、地推人力下周到位。以上，谢谢！”
            参考信息：练习任务：
场景：社区业主线下小型分享会，向10-15位邻居做垃圾分类推广演讲
难度：入门级（1/5）
时长：资料准备1.5小时，正式演讲3-5分钟
关键词：本地2024版官方垃圾分类标准、可回收物精准品类、错误分类权威环保数据
任务内容：1. 通过本地城管局官网/官方公众号查找2024年最新垃圾分类官方文件，精准记录可回收物、厨余垃圾、有害垃圾、其他垃圾的分类边界，摘抄1-2组官方发布的错误分类造成的处理成本或环境污染数据；2. 围绕“为什么要按标准分类+具体分类方法”准备3-5分钟演讲稿，所有分类规则和数据必须严格对应官方资料，不得添加主观猜测内容；3. 完成演讲稿后对照官方文件逐句核查准确性，确保无分类错误、数据偏差；4. 进行半脱稿演讲并录屏，结束后再次核对录屏内容中的信息准确性，标记所有可能的误差点并修正。
            要求：仅输出「评分（1-10分）|优点|改进点」，各部分用|分隔，优点/改进点简洁（各1-2句话）
            
2026-03-28 19:34:02,161 - shanlian_ai - INFO - AI评估 - 智能体响应: 演讲内容专家 - 1分|具备结构化表达的基础，逻辑框架清晰|完全偏离社区垃圾分类推广的任务场景，未使用指定的本地2024版分类标准、可回收物精准品类及官方错误分类数据，需重新贴合入门级推广演讲要求准备内容。
2026-03-28 19:34:02,161 - shanlian_ai - INFO - AI评估 - 智能体: 表达流畅度专家
2026-03-28 19:34:02,161 - shanlian_ai - INFO - AI评估 - 提示词: 
            你是表达流畅度专家，评价用户演讲内容（1-10分）：
            待评估内容：“各位领导同事，我同步下XX项目当前进展：核心目标已达成80%，但需协调资源解决两个关键卡点，确保月底上线。”
一、核心成果：用数据锚定价值（60秒）
. 里程碑交付
提前2天完成用户增长模块开发，DAU提升15%（原目标10%）；
客户反馈系统上线后，投诉处理时效缩短至2小时（行业平均24小时）。
. 资源高效利用
通过复用A/B测试框架，节省20人日开发成本；
跨部门协作流程跑通，市场部已启动首批种子用户招募。
✅ 技巧：用对比数据（超目标/行业基准）和量化结果替代过程描述。
二、关键问题：聚焦影响+责任归属（45秒）
. 技术风险
第三方支付接口稳定性不足（近3天故障率5%），可能影响上线后交易成功率；
责任方：需技术部协助评估备用方案。
. 资源缺口
用户运营需增加2名地推人员覆盖华东区域，当前人力仅满足基础需求；
责任方：申请HR本周内启动紧急招聘。
✅ 技巧：每个问题包含现象+后果+明确求助对象，避免模糊抱怨。
三、下一步计划：绑定时间节点与责任人（60秒）
. 风险应对（3天内）
周三前：技术部输出支付接口备选方案 → 我跟进决策；
周五前：完成压力测试报告 → @张工负责。
. 资源落地（1周内）
周二：向HR提交地推岗位JD → 我协调审批；
下周一：启动新人培训 → @李经理主导。
. 整体节奏
月25日：全量上线 → 全员冲刺。
✅ 技巧：用具体日期+人名/角色替代“尽快”“相关人员”等模糊表述。
【收尾强化】（15秒）
“总结：成果达标，风险可控，需支持两点——支付方案周三定稿、地推人力下周到位。以上，谢谢！”
            参考信息：练习任务：
场景：社区业主线下小型分享会，向10-15位邻居做垃圾分类推广演讲
难度：入门级（1/5）
时长：资料准备1.5小时，正式演讲3-5分钟
关键词：本地2024版官方垃圾分类标准、可回收物精准品类、错误分类权威环保数据
任务内容：1. 通过本地城管局官网/官方公众号查找2024年最新垃圾分类官方文件，精准记录可回收物、厨余垃圾、有害垃圾、其他垃圾的分类边界，摘抄1-2组官方发布的错误分类造成的处理成本或环境污染数据；2. 围绕“为什么要按标准分类+具体分类方法”准备3-5分钟演讲稿，所有分类规则和数据必须严格对应官方资料，不得添加主观猜测内容；3. 完成演讲稿后对照官方文件逐句核查准确性，确保无分类错误、数据偏差；4. 进行半脱稿演讲并录屏，结束后再次核对录屏内容中的信息准确性，标记所有可能的误差点并修正。
            要求：仅输出「评分（1-10分）|优点|改进点」，各部分用|分隔，优点/改进点简洁（各1-2句话）
            
2026-03-28 19:34:40,043 - shanlian_ai - INFO - AI评估 - 智能体响应: 表达流畅度专家 - 9分|结构逻辑闭环清晰，内容全用量化数据、明确时间与责任人，表达精准无模糊表述，信息传递高效|若适配入门级社区垃圾分类分享场景，需调整为口语化表达，替换职场专业表述，补充本地垃圾分类官方标准、可回收物品类及错误分类数据等核心内容
2026-03-28 19:34:40,043 - shanlian_ai - INFO - AI评估 - 智能体: 结构逻辑专家
2026-03-28 19:34:40,043 - shanlian_ai - INFO - AI评估 - 提示词: 
            你是演讲结构专家，评价用户演讲内容（1-10分）：
            待评估内容：“各位领导同事，我同步下XX项目当前进展：核心目标已达成80%，但需协调资源解决两个关键卡点，确保月底上线。”
一、核心成果：用数据锚定价值（60秒）
. 里程碑交付
提前2天完成用户增长模块开发，DAU提升15%（原目标10%）；
客户反馈系统上线后，投诉处理时效缩短至2小时（行业平均24小时）。
. 资源高效利用
通过复用A/B测试框架，节省20人日开发成本；
跨部门协作流程跑通，市场部已启动首批种子用户招募。
✅ 技巧：用对比数据（超目标/行业基准）和量化结果替代过程描述。
二、关键问题：聚焦影响+责任归属（45秒）
. 技术风险
第三方支付接口稳定性不足（近3天故障率5%），可能影响上线后交易成功率；
责任方：需技术部协助评估备用方案。
. 资源缺口
用户运营需增加2名地推人员覆盖华东区域，当前人力仅满足基础需求；
责任方：申请HR本周内启动紧急招聘。
✅ 技巧：每个问题包含现象+后果+明确求助对象，避免模糊抱怨。
三、下一步计划：绑定时间节点与责任人（60秒）
. 风险应对（3天内）
周三前：技术部输出支付接口备选方案 → 我跟进决策；
周五前：完成压力测试报告 → @张工负责。
. 资源落地（1周内）
周二：向HR提交地推岗位JD → 我协调审批；
下周一：启动新人培训 → @李经理主导。
. 整体节奏
月25日：全量上线 → 全员冲刺。
✅ 技巧：用具体日期+人名/角色替代“尽快”“相关人员”等模糊表述。
【收尾强化】（15秒）
“总结：成果达标，风险可控，需支持两点——支付方案周三定稿、地推人力下周到位。以上，谢谢！”
            参考信息：练习任务：
场景：社区业主线下小型分享会，向10-15位邻居做垃圾分类推广演讲
难度：入门级（1/5）
时长：资料准备1.5小时，正式演讲3-5分钟
关键词：本地2024版官方垃圾分类标准、可回收物精准品类、错误分类权威环保数据
任务内容：1. 通过本地城管局官网/官方公众号查找2024年最新垃圾分类官方文件，精准记录可回收物、厨余垃圾、有害垃圾、其他垃圾的分类边界，摘抄1-2组官方发布的错误分类造成的处理成本或环境污染数据；2. 围绕“为什么要按标准分类+具体分类方法”准备3-5分钟演讲稿，所有分类规则和数据必须严格对应官方资料，不得添加主观猜测内容；3. 完成演讲稿后对照官方文件逐句核查准确性，确保无分类错误、数据偏差；4. 进行半脱稿演讲并录屏，结束后再次核对录屏内容中的信息准确性，标记所有可能的误差点并修正。
            要求：仅输出「评分（1-10分）|优点|改进点」，各部分用|分隔，优点/改进点简洁（各1-2句话）
            
2026-03-28 19:35:06,058 - shanlian_ai - INFO - AI评估 - 智能体响应: 结构逻辑专家 - 9分|结构严谨闭环，采用“成果-问题-计划-收尾”逻辑，内容全量化、责任明确，信息传递精准高效|若适配入门级垃圾分类推广场景，需替换为生活化表述与案例，增强情感共鸣；作为职场汇报可补充可视化数据提升直观性。
2026-03-28 19:39:49,510 - shanlian_ai - INFO - 技能库管理器 - 技能ID: skill_speech
2026-03-28 19:39:49,510 - shanlian_ai - INFO - 技能库管理器 - 技能名称: 演讲技能练习
2026-03-28 19:39:49,511 - shanlian_ai - INFO - 技能库管理器 - 待评估内容: “各位领导同事，我同步下XX项目当前进展：核心目标已达成80%，但需协调资源解决两个关键卡点，确保月底上线。”
一、核心成果：用数据锚定价值（60秒）
. 里程碑交付
提前2天完成用户增长模块开发，DAU提升15%（原目标10%）；
客户反馈系统上线后，投诉处理时效缩短至2小时（行业平均24小时）。
. 资源高效利用
通过复用A/B测试框架，节省20人日开发成本；
跨部门协作流程跑通，市场部已启动首批种子用户招募。
✅ 技巧：用对比数据（超目标/行业基准）和量化结果替代过程描述。
二、关键问题：聚焦影响+责任归属（45秒）
. 技术风险
第三方支付接口稳定性不足（近3天故障率5%），可能影响上线后交易成功率；
责任方：需技术部协助评估备用方案。
. 资源缺口
用户运营需增加2名地推人员覆盖华东区域，当前人力仅满足基础需求；
责任方：申请HR本周内启动紧急招聘。
✅ 技巧：每个问题包含现象+后果+明确求助对象，避免模糊抱怨。
三、下一步计划：绑定时间节点与责任人（60秒）
. 风险应对（3天内）
周三前：技术部输出支付接口备选方案 → 我跟进决策；
周五前：完成压力测试报告 → @张工负责。
. 资源落地（1周内）
周二：向HR提交地推岗位JD → 我协调审批；
下周一：启动新人培训 → @李经理主导。
. 整体节奏
月25日：全量上线 → 全员冲刺。
✅ 技巧：用具体日期+人名/角色替代“尽快”“相关人员”等模糊表述。
【收尾强化】（15秒）
“总结：成果达标，风险可控，需支持两点——支付方案周三定稿、地推人力下周到位。以上，谢谢！”
2026-03-28 19:39:49,513 - shanlian_ai - INFO - 技能库管理器 - 参考信息: 练习任务：
场景：部门周会个人工作进展汇报场景，需向部门经理及5名同事汇报上周工作成果、本周工作计划与待协调资源
难度：中等（匹配当前6.3分水平，兼顾基础规范与细节打磨）
时长：准备时长30分钟，实际演讲时长4-5分钟，复盘优化时长10分钟
关键词：内容准确、结构闭环、逻辑连贯、数据支撑
具体操作：
1. 准备环节：
   - 梳理上周3项核心工作成果，每项成果需搭配1个可验证的具体数据（如“完成用户调研问卷分析，有效回收率达88%，提炼3项核心需求”），确保内容与实际工作完全一致，无夸大或遗漏；
   - 按照“开场问候→上周成果复盘→本周计划拆解→资源协调需求→结尾总结致谢”的固定结构搭建汇报框架，每个模块设置明确的过渡语句；
   - 用“背景-行动-结果”的逻辑链表述每项工作，标注易混淆的表述点提前优化，保证表达清晰易懂。
2. 演讲环节：
   - 对着手机录制演讲视频，严格控制时长在4-5分钟内，过程中保持语速平稳，避免出现口头语。
3. 复盘环节：
   - 回放视频，从三个维度自查：①内容是否有数据支撑、与实际无偏差（内容准确性）；②是否完整覆盖5个结构模块（结构完整性）；③是否存在逻辑跳脱、表述模糊的片段（表达清晰度）；
   - 针对自查出的问题调整内容或表述，重新录制1遍优化后的演讲视频。
2026-03-28 19:39:49,515 - shanlian_ai - INFO - AI评估接收 - 技能名称: 演讲技能练习
2026-03-28 19:39:49,516 - shanlian_ai - INFO - AI评估接收 - 待评估内容: “各位领导同事，我同步下XX项目当前进展：核心目标已达成80%，但需协调资源解决两个关键卡点，确保月底上线。”
一、核心成果：用数据锚定价值（60秒）
. 里程碑交付
提前2天完成用户增长模块开发，DAU提升15%（原目标10%）；
客户反馈系统上线后，投诉处理时效缩短至2小时（行业平均24小时）。
. 资源高效利用
通过复用A/B测试框架，节省20人日开发成本；
跨部门协作流程跑通，市场部已启动首批种子用户招募。
✅ 技巧：用对比数据（超目标/行业基准）和量化结果替代过程描述。
二、关键问题：聚焦影响+责任归属（45秒）
. 技术风险
第三方支付接口稳定性不足（近3天故障率5%），可能影响上线后交易成功率；
责任方：需技术部协助评估备用方案。
. 资源缺口
用户运营需增加2名地推人员覆盖华东区域，当前人力仅满足基础需求；
责任方：申请HR本周内启动紧急招聘。
✅ 技巧：每个问题包含现象+后果+明确求助对象，避免模糊抱怨。
三、下一步计划：绑定时间节点与责任人（60秒）
. 风险应对（3天内）
周三前：技术部输出支付接口备选方案 → 我跟进决策；
周五前：完成压力测试报告 → @张工负责。
. 资源落地（1周内）
周二：向HR提交地推岗位JD → 我协调审批；
下周一：启动新人培训 → @李经理主导。
. 整体节奏
月25日：全量上线 → 全员冲刺。
✅ 技巧：用具体日期+人名/角色替代“尽快”“相关人员”等模糊表述。
【收尾强化】（15秒）
“总结：成果达标，风险可控，需支持两点——支付方案周三定稿、地推人力下周到位。以上，谢谢！”
2026-03-28 19:39:49,517 - shanlian_ai - INFO - AI评估接收 - 参考信息: 练习任务：
场景：部门周会个人工作进展汇报场景，需向部门经理及5名同事汇报上周工作成果、本周工作计划与待协调资源
难度：中等（匹配当前6.3分水平，兼顾基础规范与细节打磨）
时长：准备时长30分钟，实际演讲时长4-5分钟，复盘优化时长10分钟
关键词：内容准确、结构闭环、逻辑连贯、数据支撑
具体操作：
1. 准备环节：
   - 梳理上周3项核心工作成果，每项成果需搭配1个可验证的具体数据（如“完成用户调研问卷分析，有效回收率达88%，提炼3项核心需求”），确保内容与实际工作完全一致，无夸大或遗漏；
   - 按照“开场问候→上周成果复盘→本周计划拆解→资源协调需求→结尾总结致谢”的固定结构搭建汇报框架，每个模块设置明确的过渡语句；
   - 用“背景-行动-结果”的逻辑链表述每项工作，标注易混淆的表述点提前优化，保证表达清晰易懂。
2. 演讲环节：
   - 对着手机录制演讲视频，严格控制时长在4-5分钟内，过程中保持语速平稳，避免出现口头语。
3. 复盘环节：
   - 回放视频，从三个维度自查：①内容是否有数据支撑、与实际无偏差（内容准确性）；②是否完整覆盖5个结构模块（结构完整性）；③是否存在逻辑跳脱、表述模糊的片段（表达清晰度）；
   - 针对自查出的问题调整内容或表述，重新录制1遍优化后的演讲视频。
2026-03-28 19:39:49,518 - shanlian_ai - INFO - AI评估 - 技能类型: 演讲
2026-03-28 19:39:49,520 - shanlian_ai - INFO - AI评估 - 使用多智能体评估
2026-03-28 19:39:49,520 - shanlian_ai - INFO - AI评估 - 智能体: 演讲内容专家
2026-03-28 19:39:49,522 - shanlian_ai - INFO - AI评估 - 提示词: 
            你是演讲内容专家，评价用户演讲内容（1-10分）：
            待评估内容：“各位领导同事，我同步下XX项目当前进展：核心目标已达成80%，但需协调资源解决两个关键卡点，确保月底上线。”
一、核心成果：用数据锚定价值（60秒）
. 里程碑交付
提前2天完成用户增长模块开发，DAU提升15%（原目标10%）；
客户反馈系统上线后，投诉处理时效缩短至2小时（行业平均24小时）。
. 资源高效利用
通过复用A/B测试框架，节省20人日开发成本；
跨部门协作流程跑通，市场部已启动首批种子用户招募。
✅ 技巧：用对比数据（超目标/行业基准）和量化结果替代过程描述。
二、关键问题：聚焦影响+责任归属（45秒）
. 技术风险
第三方支付接口稳定性不足（近3天故障率5%），可能影响上线后交易成功率；
责任方：需技术部协助评估备用方案。
. 资源缺口
用户运营需增加2名地推人员覆盖华东区域，当前人力仅满足基础需求；
责任方：申请HR本周内启动紧急招聘。
✅ 技巧：每个问题包含现象+后果+明确求助对象，避免模糊抱怨。
三、下一步计划：绑定时间节点与责任人（60秒）
. 风险应对（3天内）
周三前：技术部输出支付接口备选方案 → 我跟进决策；
周五前：完成压力测试报告 → @张工负责。
. 资源落地（1周内）
周二：向HR提交地推岗位JD → 我协调审批；
下周一：启动新人培训 → @李经理主导。
. 整体节奏
月25日：全量上线 → 全员冲刺。
✅ 技巧：用具体日期+人名/角色替代“尽快”“相关人员”等模糊表述。
【收尾强化】（15秒）
“总结：成果达标，风险可控，需支持两点——支付方案周三定稿、地推人力下周到位。以上，谢谢！”
            参考信息：练习任务：
场景：部门周会个人工作进展汇报场景，需向部门经理及5名同事汇报上周工作成果、本周工作计划与待协调资源
难度：中等（匹配当前6.3分水平，兼顾基础规范与细节打磨）
时长：准备时长30分钟，实际演讲时长4-5分钟，复盘优化时长10分钟
关键词：内容准确、结构闭环、逻辑连贯、数据支撑
具体操作：
1. 准备环节：
   - 梳理上周3项核心工作成果，每项成果需搭配1个可验证的具体数据（如“完成用户调研问卷分析，有效回收率达88%，提炼3项核心需求”），确保内容与实际工作完全一致，无夸大或遗漏；
   - 按照“开场问候→上周成果复盘→本周计划拆解→资源协调需求→结尾总结致谢”的固定结构搭建汇报框架，每个模块设置明确的过渡语句；
   - 用“背景-行动-结果”的逻辑链表述每项工作，标注易混淆的表述点提前优化，保证表达清晰易懂。
2. 演讲环节：
   - 对着手机录制演讲视频，严格控制时长在4-5分钟内，过程中保持语速平稳，避免出现口头语。
3. 复盘环节：
   - 回放视频，从三个维度自查：①内容是否有数据支撑、与实际无偏差（内容准确性）；②是否完整覆盖5个结构模块（结构完整性）；③是否存在逻辑跳脱、表述模糊的片段（表达清晰度）；
   - 针对自查出的问题调整内容或表述，重新录制1遍优化后的演讲视频。
            要求：仅输出「评分（1-10分）|优点|改进点」，各部分用|分隔，优点/改进点简洁（各1-2句话）
            
2026-03-28 19:39:59,620 - shanlian_ai - INFO - AI评估 - 智能体响应: 演讲内容专家 - 9分|结构完整闭环，逻辑连贯清晰，成果、问题、计划均有数据支撑及明确责任/时间节点，适配周会高效汇报场景|可补充1项上周核心工作成果贴合任务要求，部分成果可增加背景说明强化价值感知，同时适当扩充内容使时长匹配4-5分钟的要求
2026-03-28 19:39:59,620 - shanlian_ai - INFO - AI评估 - 智能体: 表达流畅度专家
2026-03-28 19:39:59,622 - shanlian_ai - INFO - AI评估 - 提示词: 
            你是表达流畅度专家，评价用户演讲内容（1-10分）：
            待评估内容：“各位领导同事，我同步下XX项目当前进展：核心目标已达成80%，但需协调资源解决两个关键卡点，确保月底上线。”
一、核心成果：用数据锚定价值（60秒）
. 里程碑交付
提前2天完成用户增长模块开发，DAU提升15%（原目标10%）；
客户反馈系统上线后，投诉处理时效缩短至2小时（行业平均24小时）。
. 资源高效利用
通过复用A/B测试框架，节省20人日开发成本；
跨部门协作流程跑通，市场部已启动首批种子用户招募。
✅ 技巧：用对比数据（超目标/行业基准）和量化结果替代过程描述。
二、关键问题：聚焦影响+责任归属（45秒）
. 技术风险
第三方支付接口稳定性不足（近3天故障率5%），可能影响上线后交易成功率；
责任方：需技术部协助评估备用方案。
. 资源缺口
用户运营需增加2名地推人员覆盖华东区域，当前人力仅满足基础需求；
责任方：申请HR本周内启动紧急招聘。
✅ 技巧：每个问题包含现象+后果+明确求助对象，避免模糊抱怨。
三、下一步计划：绑定时间节点与责任人（60秒）
. 风险应对（3天内）
周三前：技术部输出支付接口备选方案 → 我跟进决策；
周五前：完成压力测试报告 → @张工负责。
. 资源落地（1周内）
周二：向HR提交地推岗位JD → 我协调审批；
下周一：启动新人培训 → @李经理主导。
. 整体节奏
月25日：全量上线 → 全员冲刺。
✅ 技巧：用具体日期+人名/角色替代“尽快”“相关人员”等模糊表述。
【收尾强化】（15秒）
“总结：成果达标，风险可控，需支持两点——支付方案周三定稿、地推人力下周到位。以上，谢谢！”
            参考信息：练习任务：
场景：部门周会个人工作进展汇报场景，需向部门经理及5名同事汇报上周工作成果、本周工作计划与待协调资源
难度：中等（匹配当前6.3分水平，兼顾基础规范与细节打磨）
时长：准备时长30分钟，实际演讲时长4-5分钟，复盘优化时长10分钟
关键词：内容准确、结构闭环、逻辑连贯、数据支撑
具体操作：
1. 准备环节：
   - 梳理上周3项核心工作成果，每项成果需搭配1个可验证的具体数据（如“完成用户调研问卷分析，有效回收率达88%，提炼3项核心需求”），确保内容与实际工作完全一致，无夸大或遗漏；
   - 按照“开场问候→上周成果复盘→本周计划拆解→资源协调需求→结尾总结致谢”的固定结构搭建汇报框架，每个模块设置明确的过渡语句；
   - 用“背景-行动-结果”的逻辑链表述每项工作，标注易混淆的表述点提前优化，保证表达清晰易懂。
2. 演讲环节：
   - 对着手机录制演讲视频，严格控制时长在4-5分钟内，过程中保持语速平稳，避免出现口头语。
3. 复盘环节：
   - 回放视频，从三个维度自查：①内容是否有数据支撑、与实际无偏差（内容准确性）；②是否完整覆盖5个结构模块（结构完整性）；③是否存在逻辑跳脱、表述模糊的片段（表达清晰度）；
   - 针对自查出的问题调整内容或表述，重新录制1遍优化后的演讲视频。
            要求：仅输出「评分（1-10分）|优点|改进点」，各部分用|分隔，优点/改进点简洁（各1-2句话）
            
2026-03-28 19:40:15,683 - shanlian_ai - INFO - AI评估 - 智能体响应: 表达流畅度专家 - 9分|结构完整闭环，逻辑连贯清晰，内容全用量化数据支撑，问题与计划均明确责任人和时间节点，适配周会汇报场景。|成果部分可补充“背景-行动”逻辑链强化价值推导；可适当补充细节使时长贴合4-5分钟的要求，演讲时需注意语速平稳避免口头语。
2026-03-28 19:40:15,683 - shanlian_ai - INFO - AI评估 - 智能体: 结构逻辑专家
2026-03-28 19:40:15,684 - shanlian_ai - INFO - AI评估 - 提示词: 
            你是演讲结构专家，评价用户演讲内容（1-10分）：
            待评估内容：“各位领导同事，我同步下XX项目当前进展：核心目标已达成80%，但需协调资源解决两个关键卡点，确保月底上线。”
一、核心成果：用数据锚定价值（60秒）
. 里程碑交付
提前2天完成用户增长模块开发，DAU提升15%（原目标10%）；
客户反馈系统上线后，投诉处理时效缩短至2小时（行业平均24小时）。
. 资源高效利用
通过复用A/B测试框架，节省20人日开发成本；
跨部门协作流程跑通，市场部已启动首批种子用户招募。
✅ 技巧：用对比数据（超目标/行业基准）和量化结果替代过程描述。
二、关键问题：聚焦影响+责任归属（45秒）
. 技术风险
第三方支付接口稳定性不足（近3天故障率5%），可能影响上线后交易成功率；
责任方：需技术部协助评估备用方案。
. 资源缺口
用户运营需增加2名地推人员覆盖华东区域，当前人力仅满足基础需求；
责任方：申请HR本周内启动紧急招聘。
✅ 技巧：每个问题包含现象+后果+明确求助对象，避免模糊抱怨。
三、下一步计划：绑定时间节点与责任人（60秒）
. 风险应对（3天内）
周三前：技术部输出支付接口备选方案 → 我跟进决策；
周五前：完成压力测试报告 → @张工负责。
. 资源落地（1周内）
周二：向HR提交地推岗位JD → 我协调审批；
下周一：启动新人培训 → @李经理主导。
. 整体节奏
月25日：全量上线 → 全员冲刺。
✅ 技巧：用具体日期+人名/角色替代“尽快”“相关人员”等模糊表述。
【收尾强化】（15秒）
“总结：成果达标，风险可控，需支持两点——支付方案周三定稿、地推人力下周到位。以上，谢谢！”
            参考信息：练习任务：
场景：部门周会个人工作进展汇报场景，需向部门经理及5名同事汇报上周工作成果、本周工作计划与待协调资源
难度：中等（匹配当前6.3分水平，兼顾基础规范与细节打磨）
时长：准备时长30分钟，实际演讲时长4-5分钟，复盘优化时长10分钟
关键词：内容准确、结构闭环、逻辑连贯、数据支撑
具体操作：
1. 准备环节：
   - 梳理上周3项核心工作成果，每项成果需搭配1个可验证的具体数据（如“完成用户调研问卷分析，有效回收率达88%，提炼3项核心需求”），确保内容与实际工作完全一致，无夸大或遗漏；
   - 按照“开场问候→上周成果复盘→本周计划拆解→资源协调需求→结尾总结致谢”的固定结构搭建汇报框架，每个模块设置明确的过渡语句；
   - 用“背景-行动-结果”的逻辑链表述每项工作，标注易混淆的表述点提前优化，保证表达清晰易懂。
2. 演讲环节：
   - 对着手机录制演讲视频，严格控制时长在4-5分钟内，过程中保持语速平稳，避免出现口头语。
3. 复盘环节：
   - 回放视频，从三个维度自查：①内容是否有数据支撑、与实际无偏差（内容准确性）；②是否完整覆盖5个结构模块（结构完整性）；③是否存在逻辑跳脱、表述模糊的片段（表达清晰度）；
   - 针对自查出的问题调整内容或表述，重新录制1遍优化后的演讲视频。
            要求：仅输出「评分（1-10分）|优点|改进点」，各部分用|分隔，优点/改进点简洁（各1-2句话）
            
2026-03-28 19:40:26,108 - shanlian_ai - INFO - AI评估 - 智能体响应: 结构逻辑专家 - 9分|结构闭环逻辑连贯，各模块均以数据、明确节点/责任人支撑内容，高效适配周会汇报场景|可补充上周成果的“背景-行动”细节，贴合周会复盘要求；适当细化部分落地动作，匹配4-5分钟的时长标准
